"/Users/mootbing/Desktop/LoneCity/LoneCity/Content/Mobile/TI_Blank.uasset" 0
"/Users/mootbing/Desktop/LoneCity/LoneCity/Content/Mobile/TI_Blank.uexp" 1
"../../../Engine/Content/Maps/Templates/Thumbnails/Default.uasset" 2
"../../../Engine/Content/Maps/Templates/Thumbnails/Default.uexp" 3
"../../../Engine/Content/Maps/Templates/Thumbnails/TimeOfDay.uasset" 4
"../../../Engine/Content/Maps/Templates/Thumbnails/TimeOfDay.uexp" 5
"../../../Engine/Content/Maps/Templates/Thumbnails/VR-Basic.uasset" 6
"../../../Engine/Content/Maps/Templates/Thumbnails/VR-Basic.uexp" 7
"../../../Engine/Content/MobileResources/T_MobileControls_texture.uasset" 8
"../../../Engine/Content/MobileResources/T_MobileControls_texture.uexp" 9
"../../../Engine/Content/MobileResources/T_MobileMenu2.uasset" 10
"../../../Engine/Content/MobileResources/T_MobileMenu2.uexp" 11
"../../../Engine/Content/MobileResources/HUD/MobileHUDDirectionPad3.uasset" 12
"../../../Engine/Content/MobileResources/HUD/MobileHUDDirectionPad3.uexp" 13
"../../../Engine/Content/MobileResources/HUD/MobileHUDButton2_off.uasset" 14
"../../../Engine/Content/MobileResources/HUD/MobileHUDButton2_off.uexp" 15
"../../../Engine/Content/MobileResources/HUD/MobileHUDButton3.uasset" 16
"../../../Engine/Content/MobileResources/HUD/MobileHUDButton3.uexp" 17
"../../../Engine/Content/MobileResources/HUD/T_Castle_ThumbstickInner.uasset" 18
"../../../Engine/Content/MobileResources/HUD/T_Castle_ThumbstickInner.uexp" 19
"../../../Engine/Content/MobileResources/HUD/MobileHUDDirectionStick.uasset" 20
"../../../Engine/Content/MobileResources/HUD/MobileHUDDirectionStick.uexp" 21
"../../../Engine/Content/MobileResources/HUD/VirtualJoystick_Background.uasset" 22
"../../../Engine/Content/MobileResources/HUD/VirtualJoystick_Background.uexp" 23
"../../../Engine/Content/MobileResources/HUD/VirtualJoystick_Thumb.uasset" 24
"../../../Engine/Content/MobileResources/HUD/VirtualJoystick_Thumb.uexp" 25
"../../../Engine/Content/MobileResources/HUD/DefaultVirtualJoysticks.uasset" 26
"../../../Engine/Content/MobileResources/HUD/DefaultVirtualJoysticks.uexp" 27
"../../../Engine/Content/MobileResources/HUD/T_Castle_ThumbstickOutter.uasset" 28
"../../../Engine/Content/MobileResources/HUD/T_Castle_ThumbstickOutter.uexp" 29
"../../../Engine/Content/MobileResources/HUD/MobileHUDButton2_on.uasset" 30
"../../../Engine/Content/MobileResources/HUD/MobileHUDButton2_on.uexp" 31
"../../../Engine/Content/MobileResources/HUD/MobileHUDDirectionPad2.uasset" 32
"../../../Engine/Content/MobileResources/HUD/MobileHUDDirectionPad2.uexp" 33
"../../../Engine/Content/MobileResources/HUD/MobileHUDDirectionPad.uasset" 34
"../../../Engine/Content/MobileResources/HUD/MobileHUDDirectionPad.uexp" 35
"../../../Engine/Content/MobileResources/HUD/AnalogHat.uasset" 36
"../../../Engine/Content/MobileResources/HUD/AnalogHat.uexp" 37
"../../../Engine/Content/MobileResources/HUD/MobileHUDButton1_on.uasset" 38
"../../../Engine/Content/MobileResources/HUD/MobileHUDButton1_on.uexp" 39
"../../../Engine/Content/MobileResources/HUD/MobileHUDButtonFire.uasset" 40
"../../../Engine/Content/MobileResources/HUD/MobileHUDButtonFire.uexp" 41
"../../../Engine/Content/MobileResources/HUD/LeftVirtualJoystickOnly.uasset" 42
"../../../Engine/Content/MobileResources/HUD/LeftVirtualJoystickOnly.uexp" 43
"../../../Engine/Content/MobileResources/HUD/MobileHUDButton1_off.uasset" 44
"../../../Engine/Content/MobileResources/HUD/MobileHUDButton1_off.uexp" 45
"../../../Engine/Content/Tutorial/ContentIntroCurve.uasset" 46
"../../../Engine/Content/Tutorial/ContentIntroCurve.uexp" 47
"../../../Engine/Content/Tutorial/Basics/TutorialAssets/icon_tab_Levels_40x.uasset" 48
"../../../Engine/Content/Tutorial/Basics/TutorialAssets/icon_tab_Levels_40x.uexp" 49
"../../../Engine/Content/EngineResources/DefaultTextureCube.uasset" 50
"../../../Engine/Content/EngineResources/DefaultTextureCube.uexp" 51
"../../../Engine/Content/EngineResources/DefaultTexture.uasset" 52
"../../../Engine/Content/EngineResources/DefaultTexture.uexp" 53
"../../../Engine/Content/EngineResources/DefaultTexture.ubulk" 54
"../../../Engine/Content/EngineResources/Black.uasset" 55
"../../../Engine/Content/EngineResources/Black.uexp" 56
"../../../Engine/Content/EngineResources/DefaultVolumeTexture2D.uasset" 57
"../../../Engine/Content/EngineResources/DefaultVolumeTexture2D.uexp" 58
"../../../Engine/Content/EngineResources/DefaultVolumeTexture.uasset" 59
"../../../Engine/Content/EngineResources/DefaultVolumeTexture.uexp" 60
"../../../Engine/Content/EngineResources/GradientTexture0.uasset" 61
"../../../Engine/Content/EngineResources/GradientTexture0.uexp" 62
"../../../Engine/Content/EngineFonts/Faces/RobotoRegular.uasset" 63
"../../../Engine/Content/EngineFonts/Faces/RobotoRegular.uexp" 64
"../../../Engine/Content/EngineFonts/Faces/RobotoRegular.ufont" 65
"../../../Engine/Content/EngineFonts/Faces/RobotoLight.uasset" 66
"../../../Engine/Content/EngineFonts/Faces/RobotoLight.uexp" 67
"../../../Engine/Content/EngineFonts/Faces/RobotoLight.ufont" 68
"../../../Engine/Content/EngineFonts/Faces/RobotoItalic.uasset" 69
"../../../Engine/Content/EngineFonts/Faces/RobotoItalic.uexp" 70
"../../../Engine/Content/EngineFonts/Faces/RobotoItalic.ufont" 71
"../../../Engine/Content/EngineFonts/Faces/RobotoBoldItalic.uasset" 72
"../../../Engine/Content/EngineFonts/Faces/RobotoBoldItalic.uexp" 73
"../../../Engine/Content/EngineFonts/Faces/RobotoBoldItalic.ufont" 74
"../../../Engine/Content/EngineFonts/Faces/RobotoBold.uasset" 75
"../../../Engine/Content/EngineFonts/Faces/RobotoBold.uexp" 76
"../../../Engine/Content/EngineFonts/Faces/RobotoBold.ufont" 77
"../../../Engine/Content/EngineFonts/Faces/DroidSansFallback.uasset" 78
"../../../Engine/Content/EngineFonts/Faces/DroidSansFallback.uexp" 79
"../../../Engine/Content/EngineFonts/Faces/DroidSansFallback.ufont" 80
"../../../Engine/Content/EngineFonts/Roboto.uasset" 81
"../../../Engine/Content/EngineFonts/Roboto.uexp" 82
"../../../Engine/Content/EngineDamageTypes/DmgTypeBP_Environmental.uasset" 83
"../../../Engine/Content/EngineDamageTypes/DmgTypeBP_Environmental.uexp" 84
"../../../Engine/Content/EngineMaterials/T_Default_Material_Grid_N.uasset" 85
"../../../Engine/Content/EngineMaterials/T_Default_Material_Grid_N.uexp" 86
"../../../Engine/Content/EngineMaterials/T_Default_Material_Grid_N.ubulk" 87
"../../../Engine/Content/EngineMaterials/T_Default_Material_Grid_M.uasset" 88
"../../../Engine/Content/EngineMaterials/T_Default_Material_Grid_M.uexp" 89
"../../../Engine/Content/EngineMaterials/T_Default_Material_Grid_M.ubulk" 90
"../../../Engine/Content/Functions/Engine_MaterialFunctions01/Opacity/CameraDepthFade.uasset" 91
"../../../Engine/Content/Functions/Engine_MaterialFunctions01/Opacity/CameraDepthFade.uexp" 92
"../../../Engine/Content/EngineMaterials/WorldGridMaterial.uasset" 93
"../../../Engine/Content/EngineMaterials/WorldGridMaterial.uexp" 94
"../../../Engine/Content/ArtTools/RenderToTexture/Meshes/S_1_Unit_Plane.uasset" 95
"../../../Engine/Content/ArtTools/RenderToTexture/Meshes/S_1_Unit_Plane.uexp" 96
"../../../Engine/Content/EngineMaterials/DefaultCalibrationGrayscale.uasset" 97
"../../../Engine/Content/EngineMaterials/DefaultCalibrationGrayscale.uexp" 98
"../../../Engine/Content/EngineMaterials/PPM_DefaultCalibrationGrayscale.uasset" 99
"../../../Engine/Content/EngineMaterials/PPM_DefaultCalibrationGrayscale.uexp" 100
"../../../Engine/Content/EngineResources/WhiteSquareTexture.uasset" 101
"../../../Engine/Content/EngineResources/WhiteSquareTexture.uexp" 102
"../../../Engine/Content/EngineMaterials/Widget3DPassThrough.uasset" 103
"../../../Engine/Content/EngineMaterials/Widget3DPassThrough.uexp" 104
"../../../Engine/Content/EngineMaterials/Widget3DPassThrough_Masked.uasset" 105
"../../../Engine/Content/EngineMaterials/Widget3DPassThrough_Masked.uexp" 106
"../../../Engine/Content/EngineMaterials/WeightMapPlaceholderTexture.uasset" 107
"../../../Engine/Content/EngineMaterials/WeightMapPlaceholderTexture.uexp" 108
"../../../Engine/Content/EngineMaterials/Widget3DPassThrough_Translucent.uasset" 109
"../../../Engine/Content/EngineMaterials/Widget3DPassThrough_Translucent.uexp" 110
"../../../Engine/Content/EngineMaterials/Widget3DPassThrough_Translucent_OneSided.uasset" 111
"../../../Engine/Content/EngineMaterials/Widget3DPassThrough_Translucent_OneSided.uexp" 112
"../../../Engine/Content/EngineMaterials/DefaultCalibrationColor.uasset" 113
"../../../Engine/Content/EngineMaterials/DefaultCalibrationColor.uexp" 114
"../../../Engine/Content/EngineMaterials/PPM_DefaultCalibrationColor.uasset" 115
"../../../Engine/Content/EngineMaterials/PPM_DefaultCalibrationColor.uexp" 116
"../../../Engine/Content/Functions/Engine_MaterialFunctions02/WorldPositionOffset/CameraOffset.uasset" 117
"../../../Engine/Content/Functions/Engine_MaterialFunctions02/WorldPositionOffset/CameraOffset.uexp" 118
"../../../Engine/Content/EngineMaterials/PhAT_JointLimitMaterial.uasset" 119
"../../../Engine/Content/EngineMaterials/PhAT_JointLimitMaterial.uexp" 120
"../../../Engine/Content/EngineMaterials/GizmoMaterial.uasset" 121
"../../../Engine/Content/EngineMaterials/GizmoMaterial.uexp" 122
"../../../Engine/Content/EngineMaterials/BlueNoise.uasset" 123
"../../../Engine/Content/EngineMaterials/BlueNoise.uexp" 124
"../../../Engine/Content/EngineMaterials/DefaultWhiteGrid_Low.uasset" 125
"../../../Engine/Content/EngineMaterials/DefaultWhiteGrid_Low.uexp" 126
"../../../Engine/Content/EngineMaterials/EmissiveMeshMaterial.uasset" 127
"../../../Engine/Content/EngineMaterials/EmissiveMeshMaterial.uexp" 128
"../../../Engine/Content/EngineMaterials/Widget3DPassThrough_Opaque.uasset" 129
"../../../Engine/Content/EngineMaterials/Widget3DPassThrough_Opaque.uexp" 130
"../../../Engine/Content/EngineMaterials/Widget3DPassThrough_Masked_OneSided.uasset" 131
"../../../Engine/Content/EngineMaterials/Widget3DPassThrough_Masked_OneSided.uexp" 132
"../../../Engine/Content/EngineMaterials/Good64x64TilingNoiseHighFreq.uasset" 133
"../../../Engine/Content/EngineMaterials/Good64x64TilingNoiseHighFreq.uexp" 134
"../../../Engine/Content/EngineMaterials/DefaultBloomKernel.uasset" 135
"../../../Engine/Content/EngineMaterials/DefaultBloomKernel.uexp" 136
"../../../Engine/Content/EngineMaterials/RemoveSurfaceMaterial.uasset" 137
"../../../Engine/Content/EngineMaterials/RemoveSurfaceMaterial.uexp" 138
"../../../Engine/Content/EngineMaterials/DefaultDiffuse.uasset" 139
"../../../Engine/Content/EngineMaterials/DefaultDiffuse.uexp" 140
"../../../Engine/Content/EngineMaterials/DefaultDiffuse.ubulk" 141
"../../../Engine/Content/EngineMaterials/DefaultDeferredDecalMaterial.uasset" 142
"../../../Engine/Content/EngineMaterials/DefaultDeferredDecalMaterial.uexp" 143
"../../../Engine/Content/Functions/Engine_MaterialFunctions02/Utility/BreakOutFloat2Components.uasset" 144
"../../../Engine/Content/Functions/Engine_MaterialFunctions02/Utility/BreakOutFloat2Components.uexp" 145
"../../../Engine/Content/EngineMaterials/DefaultPostProcessMaterial.uasset" 146
"../../../Engine/Content/EngineMaterials/DefaultPostProcessMaterial.uexp" 147
"../../../Engine/Content/EngineMaterials/DefaultPhysicalMaterial.uasset" 148
"../../../Engine/Content/EngineMaterials/DefaultPhysicalMaterial.uexp" 149
"../../../Engine/Content/EngineMaterials/BaseFlattenNormalMap.uasset" 150
"../../../Engine/Content/EngineMaterials/BaseFlattenNormalMap.uexp" 151
"../../../Engine/Content/EngineMaterials/BaseFlattenEmissiveMap.uasset" 152
"../../../Engine/Content/EngineMaterials/BaseFlattenEmissiveMap.uexp" 153
"../../../Engine/Content/EngineMaterials/BaseFlattenGrayscaleMap.uasset" 154
"../../../Engine/Content/EngineMaterials/BaseFlattenGrayscaleMap.uexp" 155
"../../../Engine/Content/EngineMaterials/BaseFlattenDiffuseMap.uasset" 156
"../../../Engine/Content/EngineMaterials/BaseFlattenDiffuseMap.uexp" 157
"../../../Engine/Content/EngineMaterials/BaseFlattenMaterial.uasset" 158
"../../../Engine/Content/EngineMaterials/BaseFlattenMaterial.uexp" 159
"../../../Engine/Content/EngineMaterials/InvalidLightmapSettings.uasset" 160
"../../../Engine/Content/EngineMaterials/InvalidLightmapSettings.uexp" 161
"../../../Engine/Content/EngineMaterials/InvalidLightmapSettings.ubulk" 162
"../../../Engine/Content/EngineMaterials/M_InvalidLightmapSettings.uasset" 163
"../../../Engine/Content/EngineMaterials/M_InvalidLightmapSettings.uexp" 164
"../../../Engine/Content/EngineFonts/RobotoDistanceField.uasset" 165
"../../../Engine/Content/EngineFonts/RobotoDistanceField.uexp" 166
"../../../Engine/Content/EngineMaterials/DefaultTextMaterialOpaque.uasset" 167
"../../../Engine/Content/EngineMaterials/DefaultTextMaterialOpaque.uexp" 168
"../../../Engine/Content/EngineMaterials/PreintegratedSkinBRDF.uasset" 169
"../../../Engine/Content/EngineMaterials/PreintegratedSkinBRDF.uexp" 170
"../../../Engine/Content/EngineMaterials/Widget3DPassThrough_Opaque_OneSided.uasset" 171
"../../../Engine/Content/EngineMaterials/Widget3DPassThrough_Opaque_OneSided.uexp" 172
"../../../Engine/Content/EngineMaterials/DefaultBokeh.uasset" 173
"../../../Engine/Content/EngineMaterials/DefaultBokeh.uexp" 174
"../../../Engine/Content/EngineMaterials/DefaultLightFunctionMaterial.uasset" 175
"../../../Engine/Content/EngineMaterials/DefaultLightFunctionMaterial.uexp" 176
"../../../Engine/Content/EngineMaterials/MiniFont.uasset" 177
"../../../Engine/Content/EngineMaterials/MiniFont.uexp" 178
"../../../Engine/Content/EngineMaterials/DefaultWhiteGrid.uasset" 179
"../../../Engine/Content/EngineMaterials/DefaultWhiteGrid.uexp" 180
"../../../Engine/Content/EngineMaterials/DefaultWhiteGrid.ubulk" 181
"../../../Engine/Content/EngineDebugMaterials/DebugEditorMaterial.uasset" 182
"../../../Engine/Content/EngineDebugMaterials/DebugEditorMaterial.uexp" 183
"../../../Engine/Content/EngineDebugMaterials/M_SimpleUnlitTranslucent.uasset" 184
"../../../Engine/Content/EngineDebugMaterials/M_SimpleUnlitTranslucent.uexp" 185
"../../../Engine/Content/EngineDebugMaterials/DebugMeshMaterial.uasset" 186
"../../../Engine/Content/EngineDebugMaterials/DebugMeshMaterial.uexp" 187
"../../../Engine/Content/EngineMaterials/DefaultMaterial.uasset" 188
"../../../Engine/Content/EngineMaterials/DefaultMaterial.uexp" 189
"../../../Engine/Content/BasicShapes/Cone.uasset" 190
"../../../Engine/Content/BasicShapes/Cone.uexp" 191
"../../../Engine/Content/BasicShapes/Cube.uasset" 192
"../../../Engine/Content/BasicShapes/Cube.uexp" 193
"../../../Engine/Content/BasicShapes/Cylinder.uasset" 194
"../../../Engine/Content/BasicShapes/Cylinder.uexp" 195
"../../../Engine/Content/BasicShapes/Sphere.uasset" 196
"../../../Engine/Content/BasicShapes/Sphere.uexp" 197
"../../../Engine/Content/Functions/Engine_MaterialFunctions01/Shading/ConvertFromDiffSpec.uasset" 198
"../../../Engine/Content/Functions/Engine_MaterialFunctions01/Shading/ConvertFromDiffSpec.uexp" 199
"../../../Engine/Content/Functions/Engine_MaterialFunctions01/Shading/PowerToRoughness.uasset" 200
"../../../Engine/Content/Functions/Engine_MaterialFunctions01/Shading/PowerToRoughness.uexp" 201
"../../../Engine/Content/EngineSounds/Master.uasset" 202
"../../../Engine/Content/EngineSounds/Master.uexp" 203
"../../../Engine/Content/EngineMeshes/Sphere.uasset" 204
"../../../Engine/Content/EngineMeshes/Sphere.uexp" 205
"../../../Engine/Content/EngineSky/VolumetricClouds/CloudWeatherTexture.uasset" 206
"../../../Engine/Content/EngineSky/VolumetricClouds/CloudWeatherTexture.uexp" 207
"../../../Engine/Content/EngineSky/VolumetricClouds/T_NoiseShape64.uasset" 208
"../../../Engine/Content/EngineSky/VolumetricClouds/T_NoiseShape64.uexp" 209
"../../../Engine/Content/EngineSky/VolumetricClouds/T_NoiseShape64.ubulk" 210
"../../../Engine/Content/EngineSky/VolumetricClouds/T_VolumeNoiseShape64.uasset" 211
"../../../Engine/Content/EngineSky/VolumetricClouds/T_VolumeNoiseShape64.uexp" 212
"../../../Engine/Content/EngineSky/VolumetricClouds/T_NoiseErosion.uasset" 213
"../../../Engine/Content/EngineSky/VolumetricClouds/T_NoiseErosion.uexp" 214
"../../../Engine/Content/EngineSky/VolumetricClouds/T_NoiseErosion.ubulk" 215
"../../../Engine/Content/EngineSky/VolumetricClouds/T_VolumeNoiseErosion32.uasset" 216
"../../../Engine/Content/EngineSky/VolumetricClouds/T_VolumeNoiseErosion32.uexp" 217
"../../../Engine/Content/EngineSky/VolumetricClouds/CloudGradientTexture.uasset" 218
"../../../Engine/Content/EngineSky/VolumetricClouds/CloudGradientTexture.uexp" 219
"../../../Engine/Content/Functions/Engine_MaterialFunctions02/Utility/MakeFloat2.uasset" 220
"../../../Engine/Content/Functions/Engine_MaterialFunctions02/Utility/MakeFloat2.uexp" 221
"../../../Engine/Content/EngineSky/VolumetricClouds/m_SimpleVolumetricCloud.uasset" 222
"../../../Engine/Content/EngineSky/VolumetricClouds/m_SimpleVolumetricCloud.uexp" 223
"../../../Engine/Content/EngineSky/VolumetricClouds/m_SimpleVolumetricCloud_Inst.uasset" 224
"../../../Engine/Content/EngineSky/VolumetricClouds/m_SimpleVolumetricCloud_Inst.uexp" 225
"/Users/mootbing/Desktop/LoneCity/LoneCity/Content/UI/W_MouseBlocker.uasset" 226
"/Users/mootbing/Desktop/LoneCity/LoneCity/Content/UI/W_MouseBlocker.uexp" 227
"/Users/mootbing/Desktop/LoneCity/LoneCity/Content/SFX/OST/Lone_City_OST.uasset" 228
"/Users/mootbing/Desktop/LoneCity/LoneCity/Content/SFX/OST/Lone_City_OST.uexp" 229
"/Users/mootbing/Desktop/LoneCity/LoneCity/Content/SFX/OST/Lone_City_OST.m.ubulk" 230
"../../../Engine/Content/EngineSky/T_Sky_Stars.uasset" 231
"../../../Engine/Content/EngineSky/T_Sky_Stars.uexp" 232
"../../../Engine/Content/EngineSky/T_Sky_Stars.ubulk" 233
"../../../Engine/Content/EngineSky/T_Sky_Clouds_M.uasset" 234
"../../../Engine/Content/EngineSky/T_Sky_Clouds_M.uexp" 235
"../../../Engine/Content/EngineSky/T_Sky_Clouds_M.ubulk" 236
"../../../Engine/Content/EngineSky/T_Sky_Blue.uasset" 237
"../../../Engine/Content/EngineSky/T_Sky_Blue.uexp" 238
"../../../Engine/Content/EngineSky/T_Sky_Blue.ubulk" 239
"../../../Engine/Content/EngineSky/M_Sky_Panning_Clouds2.uasset" 240
"../../../Engine/Content/EngineSky/M_Sky_Panning_Clouds2.uexp" 241
"/Users/mootbing/Desktop/LoneCity/LoneCity/Content/Maps/LoneCityMap_BuiltData.uasset" 242
"/Users/mootbing/Desktop/LoneCity/LoneCity/Content/Maps/LoneCityMap_BuiltData.uexp" 243
"/Users/mootbing/Desktop/LoneCity/LoneCity/Content/Cinematics/M_NightCycle.uasset" 244
"/Users/mootbing/Desktop/LoneCity/LoneCity/Content/Cinematics/M_NightCycle.uexp" 245
"/Users/mootbing/Desktop/LoneCity/LoneCity/Content/SFX/Master.uasset" 246
"/Users/mootbing/Desktop/LoneCity/LoneCity/Content/SFX/Master.uexp" 247
"/Users/mootbing/Desktop/LoneCity/LoneCity/Content/SFX/SFX/HoverOverIsland.uasset" 248
"/Users/mootbing/Desktop/LoneCity/LoneCity/Content/SFX/SFX/HoverOverIsland.uexp" 249
"/Users/mootbing/Desktop/LoneCity/LoneCity/Content/SFX/SFX/HoverOverIsland.m.ubulk" 250
"/Users/mootbing/Desktop/LoneCity/LoneCity/Content/SFX/SFX/Explosion.uasset" 251
"/Users/mootbing/Desktop/LoneCity/LoneCity/Content/SFX/SFX/Explosion.uexp" 252
"/Users/mootbing/Desktop/LoneCity/LoneCity/Content/SFX/SFX/Explosion.m.ubulk" 253
"/Users/mootbing/Desktop/LoneCity/LoneCity/Content/ParticleSystem/Fire/Particle_Circle.uasset" 254
"/Users/mootbing/Desktop/LoneCity/LoneCity/Content/ParticleSystem/Fire/Particle_Circle.uexp" 255
"/Users/mootbing/Desktop/LoneCity/LoneCity/Content/ParticleSystem/Fire/P_Circle.uasset" 256
"/Users/mootbing/Desktop/LoneCity/LoneCity/Content/ParticleSystem/Fire/P_Circle.uexp" 257
"/Users/mootbing/Desktop/LoneCity/LoneCity/Content/ParticleSystem/Fire/PS_Fuego.uasset" 258
"/Users/mootbing/Desktop/LoneCity/LoneCity/Content/ParticleSystem/Fire/PS_Fuego.uexp" 259
"/Users/mootbing/Desktop/LoneCity/LoneCity/Content/Blueprints/Road/M_Road.uasset" 260
"/Users/mootbing/Desktop/LoneCity/LoneCity/Content/Blueprints/Road/M_Road.uexp" 261
"/Users/mootbing/Desktop/LoneCity/LoneCity/Content/Blueprints/LoneCityMap/Meshes/SM_SatanicSTructure.uasset" 262
"/Users/mootbing/Desktop/LoneCity/LoneCity/Content/Blueprints/LoneCityMap/Meshes/SM_SatanicSTructure.uexp" 263
"/Users/mootbing/Desktop/LoneCity/LoneCity/Content/Blueprints/LoneCityMap/Meshes/M_Tile.uasset" 264
"/Users/mootbing/Desktop/LoneCity/LoneCity/Content/Blueprints/LoneCityMap/Meshes/M_Tile.uexp" 265
"/Users/mootbing/Desktop/LoneCity/LoneCity/Content/Blueprints/LoneCityMap/Meshes/M_SelectedTile.uasset" 266
"/Users/mootbing/Desktop/LoneCity/LoneCity/Content/Blueprints/LoneCityMap/Meshes/M_SelectedTile.uexp" 267
"/Users/mootbing/Desktop/LoneCity/LoneCity/Content/Blueprints/Road/M_RoadStripes.uasset" 268
"/Users/mootbing/Desktop/LoneCity/LoneCity/Content/Blueprints/Road/M_RoadStripes.uexp" 269
"/Users/mootbing/Desktop/LoneCity/LoneCity/Content/Blueprints/Road/M_Sidewalk.uasset" 270
"/Users/mootbing/Desktop/LoneCity/LoneCity/Content/Blueprints/Road/M_Sidewalk.uexp" 271
"/Users/mootbing/Desktop/LoneCity/LoneCity/Content/Blueprints/Road/SM_RoadLongStrip.uasset" 272
"/Users/mootbing/Desktop/LoneCity/LoneCity/Content/Blueprints/Road/SM_RoadLongStrip.uexp" 273
"/Users/mootbing/Desktop/LoneCity/LoneCity/Content/Blueprints/Road/SM_RoadIntersection.uasset" 274
"/Users/mootbing/Desktop/LoneCity/LoneCity/Content/Blueprints/Road/SM_RoadIntersection.uexp" 275
"/Users/mootbing/Desktop/LoneCity/LoneCity/Content/UI/Textures/Blueprints/Buildings/T_WireFrameLevel1SolarFarm.uasset" 276
"/Users/mootbing/Desktop/LoneCity/LoneCity/Content/UI/Textures/Blueprints/Buildings/T_WireFrameLevel1SolarFarm.uexp" 277
"/Users/mootbing/Desktop/LoneCity/LoneCity/Content/UI/Textures/Blueprints/Buildings/T_WireFrameLevel1Factory.uasset" 278
"/Users/mootbing/Desktop/LoneCity/LoneCity/Content/UI/Textures/Blueprints/Buildings/T_WireFrameLevel1Factory.uexp" 279
"/Users/mootbing/Desktop/LoneCity/LoneCity/Content/SFX/Tutorial/Tutorial_LoneCityWellDone.uasset" 280
"/Users/mootbing/Desktop/LoneCity/LoneCity/Content/SFX/Tutorial/Tutorial_LoneCityWellDone.uexp" 281
"/Users/mootbing/Desktop/LoneCity/LoneCity/Content/SFX/Tutorial/Tutorial_LoneCityWellDone.m.ubulk" 282
"/Users/mootbing/Desktop/LoneCity/LoneCity/Content/SFX/Tutorial/Tutorial_LoneCityBuilding.uasset" 283
"/Users/mootbing/Desktop/LoneCity/LoneCity/Content/SFX/Tutorial/Tutorial_LoneCityBuilding.uexp" 284
"/Users/mootbing/Desktop/LoneCity/LoneCity/Content/SFX/Tutorial/Tutorial_LoneCityBuilding.m.ubulk" 285
"/Users/mootbing/Desktop/LoneCity/LoneCity/Content/UI/Textures/Icons/T_ArrowIcon.uasset" 286
"/Users/mootbing/Desktop/LoneCity/LoneCity/Content/UI/Textures/Icons/T_ArrowIcon.uexp" 287
"/Users/mootbing/Desktop/LoneCity/LoneCity/Content/UI/W_BetterTooltip.uasset" 288
"/Users/mootbing/Desktop/LoneCity/LoneCity/Content/UI/W_BetterTooltip.uexp" 289
"/Users/mootbing/Desktop/LoneCity/LoneCity/Content/UI/Textures/Buttons/T_BuildButton.uasset" 290
"/Users/mootbing/Desktop/LoneCity/LoneCity/Content/UI/Textures/Buttons/T_BuildButton.uexp" 291
"/Users/mootbing/Desktop/LoneCity/LoneCity/Content/SFX/SFX/Error.uasset" 292
"/Users/mootbing/Desktop/LoneCity/LoneCity/Content/SFX/SFX/Error.uexp" 293
"/Users/mootbing/Desktop/LoneCity/LoneCity/Content/SFX/SFX/Error.m.ubulk" 294
"/Users/mootbing/Desktop/LoneCity/LoneCity/Content/SFX/SFX/Build.uasset" 295
"/Users/mootbing/Desktop/LoneCity/LoneCity/Content/SFX/SFX/Build.uexp" 296
"/Users/mootbing/Desktop/LoneCity/LoneCity/Content/SFX/SFX/Build.m.ubulk" 297
"/Users/mootbing/Desktop/LoneCity/LoneCity/Content/UI/Textures/Icons/T_MarkOnSink.uasset" 298
"/Users/mootbing/Desktop/LoneCity/LoneCity/Content/UI/Textures/Icons/T_MarkOnSink.uexp" 299
"/Users/mootbing/Desktop/LoneCity/LoneCity/Content/UI/Textures/Icons/T_CalendarIcon.uasset" 300
"/Users/mootbing/Desktop/LoneCity/LoneCity/Content/UI/Textures/Icons/T_CalendarIcon.uexp" 301
"/Users/mootbing/Desktop/LoneCity/LoneCity/Content/UI/Textures/Buttons/T_DesignButton.uasset" 302
"/Users/mootbing/Desktop/LoneCity/LoneCity/Content/UI/Textures/Buttons/T_DesignButton.uexp" 303
"/Users/mootbing/Desktop/LoneCity/LoneCity/Content/UI/Textures/Buttons/T_ButtonBaseShort.uasset" 304
"/Users/mootbing/Desktop/LoneCity/LoneCity/Content/UI/Textures/Buttons/T_ButtonBaseShort.uexp" 305
"/Users/mootbing/Desktop/LoneCity/LoneCity/Content/UI/Textures/Buttons/T_ButtonBase.uasset" 306
"/Users/mootbing/Desktop/LoneCity/LoneCity/Content/UI/Textures/Buttons/T_ButtonBase.uexp" 307
"/Users/mootbing/Desktop/LoneCity/LoneCity/Content/UI/Textures/Icons/T_PopulationIcon.uasset" 308
"/Users/mootbing/Desktop/LoneCity/LoneCity/Content/UI/Textures/Icons/T_PopulationIcon.uexp" 309
"/Users/mootbing/Desktop/LoneCity/LoneCity/Content/UI/Textures/Icons/T_PollutionIcon.uasset" 310
"/Users/mootbing/Desktop/LoneCity/LoneCity/Content/UI/Textures/Icons/T_PollutionIcon.uexp" 311
"/Users/mootbing/Desktop/LoneCity/LoneCity/Content/UI/Textures/Icons/T_MoneyIcon.uasset" 312
"/Users/mootbing/Desktop/LoneCity/LoneCity/Content/UI/Textures/Icons/T_MoneyIcon.uexp" 313
"/Users/mootbing/Desktop/LoneCity/LoneCity/Content/UI/Textures/Icons/T_MoneyIcon.ubulk" 314
"/Users/mootbing/Desktop/LoneCity/LoneCity/Content/UI/Textures/Icons/T_HouseIcon.uasset" 315
"/Users/mootbing/Desktop/LoneCity/LoneCity/Content/UI/Textures/Icons/T_HouseIcon.uexp" 316
"/Users/mootbing/Desktop/LoneCity/LoneCity/Content/SFX/SFX/ClickButton.uasset" 317
"/Users/mootbing/Desktop/LoneCity/LoneCity/Content/SFX/SFX/ClickButton.uexp" 318
"/Users/mootbing/Desktop/LoneCity/LoneCity/Content/SFX/SFX/ClickButton.m.ubulk" 319
"/Users/mootbing/Desktop/LoneCity/LoneCity/Content/SFX/SFX/Sink.uasset" 320
"/Users/mootbing/Desktop/LoneCity/LoneCity/Content/SFX/SFX/Sink.uexp" 321
"/Users/mootbing/Desktop/LoneCity/LoneCity/Content/SFX/SFX/Sink.m.ubulk" 322
"/Users/mootbing/Desktop/LoneCity/LoneCity/Content/UI/W_EndGame.uasset" 323
"/Users/mootbing/Desktop/LoneCity/LoneCity/Content/UI/W_EndGame.uexp" 324
"/Users/mootbing/Desktop/LoneCity/LoneCity/Content/SFX/Tutorial/Tutorial_LoneCityFinal.uasset" 325
"/Users/mootbing/Desktop/LoneCity/LoneCity/Content/SFX/Tutorial/Tutorial_LoneCityFinal.uexp" 326
"/Users/mootbing/Desktop/LoneCity/LoneCity/Content/SFX/Tutorial/Tutorial_LoneCityFinal.m.ubulk" 327
"/Users/mootbing/Desktop/LoneCity/LoneCity/Content/Blueprints/GameStuff/Controller/BP_PlayerController.uasset" 328
"/Users/mootbing/Desktop/LoneCity/LoneCity/Content/Blueprints/GameStuff/Controller/BP_PlayerController.uexp" 329
"/Users/mootbing/Desktop/LoneCity/LoneCity/Content/Blueprints/LoneCityMap/S_Event.uasset" 330
"/Users/mootbing/Desktop/LoneCity/LoneCity/Content/Blueprints/LoneCityMap/S_Event.uexp" 331
"/Users/mootbing/Desktop/LoneCity/LoneCity/Content/UI/W_RandomEvent.uasset" 332
"/Users/mootbing/Desktop/LoneCity/LoneCity/Content/UI/W_RandomEvent.uexp" 333
"/Users/mootbing/Desktop/LoneCity/LoneCity/Content/UI/W_Alert.uasset" 334
"/Users/mootbing/Desktop/LoneCity/LoneCity/Content/UI/W_Alert.uexp" 335
"/Users/mootbing/Desktop/LoneCity/LoneCity/Content/Blueprints/LoneCityMap/BP_Map.uasset" 336
"/Users/mootbing/Desktop/LoneCity/LoneCity/Content/Blueprints/LoneCityMap/BP_Map.uexp" 337
"/Users/mootbing/Desktop/LoneCity/LoneCity/Content/Blueprints/GameStuff/GameInstance/GI_LoneCity.uasset" 338
"/Users/mootbing/Desktop/LoneCity/LoneCity/Content/Blueprints/GameStuff/GameInstance/GI_LoneCity.uexp" 339
"/Users/mootbing/Desktop/LoneCity/LoneCity/Content/UI/W_Tutorial.uasset" 340
"/Users/mootbing/Desktop/LoneCity/LoneCity/Content/UI/W_Tutorial.uexp" 341
"/Users/mootbing/Desktop/LoneCity/LoneCity/Content/SFX/Tutorial/Tutorial_LoneCityIntro.uasset" 342
"/Users/mootbing/Desktop/LoneCity/LoneCity/Content/SFX/Tutorial/Tutorial_LoneCityIntro.uexp" 343
"/Users/mootbing/Desktop/LoneCity/LoneCity/Content/SFX/Tutorial/Tutorial_LoneCityIntro.m.ubulk" 344
"/Users/mootbing/Desktop/LoneCity/LoneCity/Content/Blueprints/GameStuff/Pawn/BP_Player.uasset" 345
"/Users/mootbing/Desktop/LoneCity/LoneCity/Content/Blueprints/GameStuff/Pawn/BP_Player.uexp" 346
"/Users/mootbing/Desktop/LoneCity/LoneCity/Content/Blueprints/GameStuff/GameMode/GM_LoneCity.uasset" 347
"/Users/mootbing/Desktop/LoneCity/LoneCity/Content/Blueprints/GameStuff/GameMode/GM_LoneCity.uexp" 348
"/Users/mootbing/Desktop/LoneCity/LoneCity/Content/Blueprints/Libraries/BP_FuncLib.uasset" 349
"/Users/mootbing/Desktop/LoneCity/LoneCity/Content/Blueprints/Libraries/BP_FuncLib.uexp" 350
"/Users/mootbing/Desktop/LoneCity/LoneCity/Content/UI/W_InGame.uasset" 351
"/Users/mootbing/Desktop/LoneCity/LoneCity/Content/UI/W_InGame.uexp" 352
"/Users/mootbing/Desktop/LoneCity/LoneCity/Content/UI/Textures/Blueprints/T_BlueprintScroll.uasset" 353
"/Users/mootbing/Desktop/LoneCity/LoneCity/Content/UI/Textures/Blueprints/T_BlueprintScroll.uexp" 354
"/Users/mootbing/Desktop/LoneCity/LoneCity/Content/UI/Textures/Blueprints/T_BlueprintBottom.uasset" 355
"/Users/mootbing/Desktop/LoneCity/LoneCity/Content/UI/Textures/Blueprints/T_BlueprintBottom.uexp" 356
"/Users/mootbing/Desktop/LoneCity/LoneCity/Content/UI/Textures/Blueprints/Buildings/T_WireFrameLevel1Residence.uasset" 357
"/Users/mootbing/Desktop/LoneCity/LoneCity/Content/UI/Textures/Blueprints/Buildings/T_WireFrameLevel1Residence.uexp" 358
"/Users/mootbing/Desktop/LoneCity/LoneCity/Content/Blueprints/LoneCityMap/S_BuildingStats.uasset" 359
"/Users/mootbing/Desktop/LoneCity/LoneCity/Content/Blueprints/LoneCityMap/S_BuildingStats.uexp" 360
"/Users/mootbing/Desktop/LoneCity/LoneCity/Content/Blueprints/LoneCityMap/Meshes/Buildings/SharedMats/M_SolerPanel.uasset" 361
"/Users/mootbing/Desktop/LoneCity/LoneCity/Content/Blueprints/LoneCityMap/Meshes/Buildings/SharedMats/M_SolerPanel.uexp" 362
"/Users/mootbing/Desktop/LoneCity/LoneCity/Content/Blueprints/LoneCityMap/Meshes/Buildings/SharedMats/M_Building.uasset" 363
"/Users/mootbing/Desktop/LoneCity/LoneCity/Content/Blueprints/LoneCityMap/Meshes/Buildings/SharedMats/M_Building.uexp" 364
"/Users/mootbing/Desktop/LoneCity/LoneCity/Content/Blueprints/LoneCityMap/Meshes/Buildings/SmallSolar/SM_SolarFarmSmall.uasset" 365
"/Users/mootbing/Desktop/LoneCity/LoneCity/Content/Blueprints/LoneCityMap/Meshes/Buildings/SmallSolar/SM_SolarFarmSmall.uexp" 366
"/Users/mootbing/Desktop/LoneCity/LoneCity/Content/Blueprints/LoneCityMap/Meshes/Buildings/SharedMats/M_FactoryRoof.uasset" 367
"/Users/mootbing/Desktop/LoneCity/LoneCity/Content/Blueprints/LoneCityMap/Meshes/Buildings/SharedMats/M_FactoryRoof.uexp" 368
"/Users/mootbing/Desktop/LoneCity/LoneCity/Content/Blueprints/LoneCityMap/Meshes/Buildings/SharedMats/M_Glass.uasset" 369
"/Users/mootbing/Desktop/LoneCity/LoneCity/Content/Blueprints/LoneCityMap/Meshes/Buildings/SharedMats/M_Glass.uexp" 370
"/Users/mootbing/Desktop/LoneCity/LoneCity/Content/Blueprints/LoneCityMap/Meshes/Buildings/SmallFactory/SM_SmallFactory.uasset" 371
"/Users/mootbing/Desktop/LoneCity/LoneCity/Content/Blueprints/LoneCityMap/Meshes/Buildings/SmallFactory/SM_SmallFactory.uexp" 372
"/Users/mootbing/Desktop/LoneCity/LoneCity/Content/Blueprints/LoneCityMap/Meshes/Buildings/SmallCondo/SM_Building.uasset" 373
"/Users/mootbing/Desktop/LoneCity/LoneCity/Content/Blueprints/LoneCityMap/Meshes/Buildings/SmallCondo/SM_Building.uexp" 374
"/Users/mootbing/Desktop/LoneCity/LoneCity/Content/UI/W_Build.uasset" 375
"/Users/mootbing/Desktop/LoneCity/LoneCity/Content/UI/W_Build.uexp" 376
"/Users/mootbing/Desktop/LoneCity/LoneCity/Content/UI/Textures/Buttons/T_UpgradeButton.uasset" 377
"/Users/mootbing/Desktop/LoneCity/LoneCity/Content/UI/Textures/Buttons/T_UpgradeButton.uexp" 378
"/Users/mootbing/Desktop/LoneCity/LoneCity/Content/UI/Textures/Blueprints/Buildings/T_WireFrameLevel2SolarFarm.uasset" 379
"/Users/mootbing/Desktop/LoneCity/LoneCity/Content/UI/Textures/Blueprints/Buildings/T_WireFrameLevel2SolarFarm.uexp" 380
"/Users/mootbing/Desktop/LoneCity/LoneCity/Content/UI/Textures/Blueprints/Buildings/T_WireFrameLevel2Factory.uasset" 381
"/Users/mootbing/Desktop/LoneCity/LoneCity/Content/UI/Textures/Blueprints/Buildings/T_WireFrameLevel2Factory.uexp" 382
"/Users/mootbing/Desktop/LoneCity/LoneCity/Content/UI/Textures/Blueprints/Buildings/T_WireFrameLevel2Residence.uasset" 383
"/Users/mootbing/Desktop/LoneCity/LoneCity/Content/UI/Textures/Blueprints/Buildings/T_WireFrameLevel2Residence.uexp" 384
"/Users/mootbing/Desktop/LoneCity/LoneCity/Content/Blueprints/LoneCityMap/Meshes/Buildings/BigSolar/SM_SolarFarmBig.uasset" 385
"/Users/mootbing/Desktop/LoneCity/LoneCity/Content/Blueprints/LoneCityMap/Meshes/Buildings/BigSolar/SM_SolarFarmBig.uexp" 386
"/Users/mootbing/Desktop/LoneCity/LoneCity/Content/Blueprints/LoneCityMap/Meshes/Buildings/BigFactory/SM_BigFactory.uasset" 387
"/Users/mootbing/Desktop/LoneCity/LoneCity/Content/Blueprints/LoneCityMap/Meshes/Buildings/BigFactory/SM_BigFactory.uexp" 388
"/Users/mootbing/Desktop/LoneCity/LoneCity/Content/Blueprints/LoneCityMap/Meshes/Buildings/BigCondo/SM_Skyscraper.uasset" 389
"/Users/mootbing/Desktop/LoneCity/LoneCity/Content/Blueprints/LoneCityMap/Meshes/Buildings/BigCondo/SM_Skyscraper.uexp" 390
"/Users/mootbing/Desktop/LoneCity/LoneCity/Content/UI/W_Upgrade.uasset" 391
"/Users/mootbing/Desktop/LoneCity/LoneCity/Content/UI/W_Upgrade.uexp" 392
"/Users/mootbing/Desktop/LoneCity/LoneCity/Content/UI/Textures/Buttons/T_DemolishButton.uasset" 393
"/Users/mootbing/Desktop/LoneCity/LoneCity/Content/UI/Textures/Buttons/T_DemolishButton.uexp" 394
"/Users/mootbing/Desktop/LoneCity/LoneCity/Content/UI/Textures/Blueprints/T_XIcon.uasset" 395
"/Users/mootbing/Desktop/LoneCity/LoneCity/Content/UI/Textures/Blueprints/T_XIcon.uexp" 396
"/Users/mootbing/Desktop/LoneCity/LoneCity/Content/UI/W_Demolish.uasset" 397
"/Users/mootbing/Desktop/LoneCity/LoneCity/Content/UI/W_Demolish.uexp" 398
"/Users/mootbing/Desktop/LoneCity/LoneCity/Content/UI/W_TileActions.uasset" 399
"/Users/mootbing/Desktop/LoneCity/LoneCity/Content/UI/W_TileActions.uexp" 400
"/Users/mootbing/Desktop/LoneCity/LoneCity/Content/Blueprints/LoneCityMap/Meshes/SM_Tile.uasset" 401
"/Users/mootbing/Desktop/LoneCity/LoneCity/Content/Blueprints/LoneCityMap/Meshes/SM_Tile.uexp" 402
"/Users/mootbing/Desktop/LoneCity/LoneCity/Content/Blueprints/LoneCityMap/BP_Tile.uasset" 403
"/Users/mootbing/Desktop/LoneCity/LoneCity/Content/Blueprints/LoneCityMap/BP_Tile.uexp" 404
"../../../Engine/Content/BasicShapes/Plane.uasset" 405
"../../../Engine/Content/BasicShapes/Plane.uexp" 406
"/Users/mootbing/Desktop/LoneCity/LoneCity/Content/Blueprints/LoneCityMap/Materials/Water/T_NoiseTexture.uasset" 407
"/Users/mootbing/Desktop/LoneCity/LoneCity/Content/Blueprints/LoneCityMap/Materials/Water/T_NoiseTexture.uexp" 408
"/Users/mootbing/Desktop/LoneCity/LoneCity/Content/Blueprints/LoneCityMap/Materials/Water/M_Water.uasset" 409
"/Users/mootbing/Desktop/LoneCity/LoneCity/Content/Blueprints/LoneCityMap/Materials/Water/M_Water.uexp" 410
"/Users/mootbing/Desktop/LoneCity/LoneCity/Content/Blueprints/LoneCityMap/BP_Ocean.uasset" 411
"/Users/mootbing/Desktop/LoneCity/LoneCity/Content/Blueprints/LoneCityMap/BP_Ocean.uexp" 412
"../../../Engine/Content/EngineSky/C_Sky_Horizon_Color.uasset" 413
"../../../Engine/Content/EngineSky/C_Sky_Horizon_Color.uexp" 414
"../../../Engine/Content/EngineSky/C_Sky_Cloud_Color.uasset" 415
"../../../Engine/Content/EngineSky/C_Sky_Cloud_Color.uexp" 416
"../../../Engine/Content/EngineSky/C_Sky_Zenith_Color.uasset" 417
"../../../Engine/Content/EngineSky/C_Sky_Zenith_Color.uexp" 418
"../../../Engine/Content/EngineSky/SM_SkySphere.uasset" 419
"../../../Engine/Content/EngineSky/SM_SkySphere.uexp" 420
"../../../Engine/Content/EngineSky/BP_Sky_Sphere.uasset" 421
"../../../Engine/Content/EngineSky/BP_Sky_Sphere.uexp" 422
"/Users/mootbing/Desktop/LoneCity/LoneCity/Content/Maps/LoneCityMap.uexp" 423
"/Users/mootbing/Desktop/LoneCity/LoneCity/Content/Maps/LoneCityMap.umap" 424
"/Users/mootbing/Desktop/LoneCity/LoneCity/Content/Blueprints/LoneCityMap/BP_StartTile.uasset" 425
"/Users/mootbing/Desktop/LoneCity/LoneCity/Content/Blueprints/LoneCityMap/BP_StartTile.uexp" 426
"/Users/mootbing/Desktop/LoneCity/LoneCity/Content/Blueprints/LoneCityMap/BP_QuitTile.uasset" 427
"/Users/mootbing/Desktop/LoneCity/LoneCity/Content/Blueprints/LoneCityMap/BP_QuitTile.uexp" 428
"/Users/mootbing/Desktop/LoneCity/LoneCity/Content/Blueprints/GameStuff/Pawn/BP_TitleScreen.uasset" 429
"/Users/mootbing/Desktop/LoneCity/LoneCity/Content/Blueprints/GameStuff/Pawn/BP_TitleScreen.uexp" 430
"/Users/mootbing/Desktop/LoneCity/LoneCity/Content/Blueprints/GameStuff/GameMode/GM_MainMenu.uasset" 431
"/Users/mootbing/Desktop/LoneCity/LoneCity/Content/Blueprints/GameStuff/GameMode/GM_MainMenu.uexp" 432
"/Users/mootbing/Desktop/LoneCity/LoneCity/Content/Maps/StartMap_BuiltData.uasset" 433
"/Users/mootbing/Desktop/LoneCity/LoneCity/Content/Maps/StartMap_BuiltData.uexp" 434
"/Users/mootbing/Desktop/LoneCity/LoneCity/Content/Maps/StartMap_BuiltData.ubulk" 435
"/Users/mootbing/Desktop/LoneCity/LoneCity/Content/Maps/StartMap.uexp" 436
"/Users/mootbing/Desktop/LoneCity/LoneCity/Content/Maps/StartMap.umap" 437
"../../../Engine/Content/Maps/Entry_BuiltData.uasset" 438
"../../../Engine/Content/Maps/Entry_BuiltData.uexp" 439
"../../../Engine/Content/Maps/Entry.uexp" 440
"../../../Engine/Content/Maps/Entry.umap" 441
