"C:/Users/kingo/Documents/GitHub/LoneCity/LoneCity/Content/Blueprints/Road/M_Sidewalk.uasset" 0
"C:/Users/kingo/Documents/GitHub/LoneCity/LoneCity/Content/Blueprints/Road/M_Sidewalk.uexp" 1
"C:/Users/kingo/Documents/GitHub/LoneCity/LoneCity/Content/Blueprints/Road/M_RoadStripes.uasset" 2
"C:/Users/kingo/Documents/GitHub/LoneCity/LoneCity/Content/Blueprints/Road/M_RoadStripes.uexp" 3
"C:/Users/kingo/Documents/GitHub/LoneCity/LoneCity/Content/Blueprints/Road/M_Road.uasset" 4
"C:/Users/kingo/Documents/GitHub/LoneCity/LoneCity/Content/Blueprints/Road/M_Road.uexp" 5
"C:/Users/kingo/Documents/GitHub/LoneCity/LoneCity/Content/Blueprints/Road/SM_Road.uasset" 6
"C:/Users/kingo/Documents/GitHub/LoneCity/LoneCity/Content/Blueprints/Road/SM_Road.uexp" 7
"../../../Engine/Content/EngineMaterials/T_Default_Material_Grid_N.uasset" 8
"../../../Engine/Content/EngineMaterials/T_Default_Material_Grid_N.uexp" 9
"../../../Engine/Content/EngineMaterials/T_Default_Material_Grid_N.ubulk" 10
"../../../Engine/Content/EngineMaterials/T_Default_Material_Grid_M.uasset" 11
"../../../Engine/Content/EngineMaterials/T_Default_Material_Grid_M.uexp" 12
"../../../Engine/Content/EngineMaterials/T_Default_Material_Grid_M.ubulk" 13
"../../../Engine/Content/Functions/Engine_MaterialFunctions01/Opacity/CameraDepthFade.uasset" 14
"../../../Engine/Content/Functions/Engine_MaterialFunctions01/Opacity/CameraDepthFade.uexp" 15
"../../../Engine/Content/EngineMaterials/WorldGridMaterial.uasset" 16
"../../../Engine/Content/EngineMaterials/WorldGridMaterial.uexp" 17
"../../../Engine/Content/ArtTools/RenderToTexture/Meshes/S_1_Unit_Plane.uasset" 18
"../../../Engine/Content/ArtTools/RenderToTexture/Meshes/S_1_Unit_Plane.uexp" 19
"../../../Engine/Content/EngineMaterials/DefaultMaterial.uasset" 20
"../../../Engine/Content/EngineMaterials/DefaultMaterial.uexp" 21
"../../../Engine/Content/BasicShapes/Cone.uasset" 22
"../../../Engine/Content/BasicShapes/Cone.uexp" 23
"../../../Engine/Content/BasicShapes/Cube.uasset" 24
"../../../Engine/Content/BasicShapes/Cube.uexp" 25
"../../../Engine/Content/BasicShapes/Cylinder.uasset" 26
"../../../Engine/Content/BasicShapes/Cylinder.uexp" 27
"../../../Engine/Content/BasicShapes/Sphere.uasset" 28
"../../../Engine/Content/BasicShapes/Sphere.uexp" 29
"../../../Engine/Content/EngineDamageTypes/DmgTypeBP_Environmental.uasset" 30
"../../../Engine/Content/EngineDamageTypes/DmgTypeBP_Environmental.uexp" 31
"../../../Engine/Content/EngineDebugMaterials/DebugEditorMaterial.uasset" 32
"../../../Engine/Content/EngineDebugMaterials/DebugEditorMaterial.uexp" 33
"../../../Engine/Content/EngineDebugMaterials/DebugMeshMaterial.uasset" 34
"../../../Engine/Content/EngineDebugMaterials/DebugMeshMaterial.uexp" 35
"../../../Engine/Content/EngineDebugMaterials/M_SimpleUnlitTranslucent.uasset" 36
"../../../Engine/Content/EngineDebugMaterials/M_SimpleUnlitTranslucent.uexp" 37
"../../../Engine/Content/EngineFonts/Faces/RobotoRegular.uasset" 38
"../../../Engine/Content/EngineFonts/Faces/RobotoRegular.uexp" 39
"../../../Engine/Content/EngineFonts/Faces/RobotoRegular.ufont" 40
"../../../Engine/Content/EngineFonts/Faces/RobotoLight.uasset" 41
"../../../Engine/Content/EngineFonts/Faces/RobotoLight.uexp" 42
"../../../Engine/Content/EngineFonts/Faces/RobotoLight.ufont" 43
"../../../Engine/Content/EngineFonts/Faces/RobotoItalic.uasset" 44
"../../../Engine/Content/EngineFonts/Faces/RobotoItalic.uexp" 45
"../../../Engine/Content/EngineFonts/Faces/RobotoItalic.ufont" 46
"../../../Engine/Content/EngineFonts/Faces/RobotoBoldItalic.uasset" 47
"../../../Engine/Content/EngineFonts/Faces/RobotoBoldItalic.uexp" 48
"../../../Engine/Content/EngineFonts/Faces/RobotoBoldItalic.ufont" 49
"../../../Engine/Content/EngineFonts/Faces/RobotoBold.uasset" 50
"../../../Engine/Content/EngineFonts/Faces/RobotoBold.uexp" 51
"../../../Engine/Content/EngineFonts/Faces/RobotoBold.ufont" 52
"../../../Engine/Content/EngineFonts/Faces/DroidSansFallback.uasset" 53
"../../../Engine/Content/EngineFonts/Faces/DroidSansFallback.uexp" 54
"../../../Engine/Content/EngineFonts/Faces/DroidSansFallback.ufont" 55
"../../../Engine/Content/EngineFonts/Roboto.uasset" 56
"../../../Engine/Content/EngineFonts/Roboto.uexp" 57
"../../../Engine/Content/EngineMaterials/BaseFlattenNormalMap.uasset" 58
"../../../Engine/Content/EngineMaterials/BaseFlattenNormalMap.uexp" 59
"../../../Engine/Content/EngineMaterials/BaseFlattenGrayscaleMap.uasset" 60
"../../../Engine/Content/EngineMaterials/BaseFlattenGrayscaleMap.uexp" 61
"../../../Engine/Content/EngineMaterials/BaseFlattenEmissiveMap.uasset" 62
"../../../Engine/Content/EngineMaterials/BaseFlattenEmissiveMap.uexp" 63
"../../../Engine/Content/EngineMaterials/BaseFlattenDiffuseMap.uasset" 64
"../../../Engine/Content/EngineMaterials/BaseFlattenDiffuseMap.uexp" 65
"../../../Engine/Content/EngineMaterials/BaseFlattenMaterial.uasset" 66
"../../../Engine/Content/EngineMaterials/BaseFlattenMaterial.uexp" 67
"../../../Engine/Content/EngineMaterials/BlueNoise.uasset" 68
"../../../Engine/Content/EngineMaterials/BlueNoise.uexp" 69
"../../../Engine/Content/EngineMaterials/DefaultBloomKernel.uasset" 70
"../../../Engine/Content/EngineMaterials/DefaultBloomKernel.uexp" 71
"../../../Engine/Content/EngineMaterials/DefaultBokeh.uasset" 72
"../../../Engine/Content/EngineMaterials/DefaultBokeh.uexp" 73
"../../../Engine/Content/EngineMaterials/DefaultDiffuse.uasset" 74
"../../../Engine/Content/EngineMaterials/DefaultDiffuse.uexp" 75
"../../../Engine/Content/EngineMaterials/DefaultDiffuse.ubulk" 76
"../../../Engine/Content/EngineMaterials/DefaultDeferredDecalMaterial.uasset" 77
"../../../Engine/Content/EngineMaterials/DefaultDeferredDecalMaterial.uexp" 78
"../../../Engine/Content/EngineMaterials/DefaultLightFunctionMaterial.uasset" 79
"../../../Engine/Content/EngineMaterials/DefaultLightFunctionMaterial.uexp" 80
"../../../Engine/Content/EngineMaterials/DefaultPhysicalMaterial.uasset" 81
"../../../Engine/Content/EngineMaterials/DefaultPhysicalMaterial.uexp" 82
"../../../Engine/Content/Functions/Engine_MaterialFunctions02/Utility/BreakOutFloat2Components.uasset" 83
"../../../Engine/Content/Functions/Engine_MaterialFunctions02/Utility/BreakOutFloat2Components.uexp" 84
"../../../Engine/Content/EngineMaterials/DefaultPostProcessMaterial.uasset" 85
"../../../Engine/Content/EngineMaterials/DefaultPostProcessMaterial.uexp" 86
"../../../Engine/Content/EngineFonts/RobotoDistanceField.uasset" 87
"../../../Engine/Content/EngineFonts/RobotoDistanceField.uexp" 88
"../../../Engine/Content/EngineMaterials/DefaultTextMaterialOpaque.uasset" 89
"../../../Engine/Content/EngineMaterials/DefaultTextMaterialOpaque.uexp" 90
"../../../Engine/Content/EngineMaterials/DefaultWhiteGrid.uasset" 91
"../../../Engine/Content/EngineMaterials/DefaultWhiteGrid.uexp" 92
"../../../Engine/Content/EngineMaterials/DefaultWhiteGrid.ubulk" 93
"../../../Engine/Content/EngineMaterials/DefaultWhiteGrid_Low.uasset" 94
"../../../Engine/Content/EngineMaterials/DefaultWhiteGrid_Low.uexp" 95
"../../../Engine/Content/EngineMaterials/EmissiveMeshMaterial.uasset" 96
"../../../Engine/Content/EngineMaterials/EmissiveMeshMaterial.uexp" 97
"../../../Engine/Content/EngineMaterials/GizmoMaterial.uasset" 98
"../../../Engine/Content/EngineMaterials/GizmoMaterial.uexp" 99
"../../../Engine/Content/EngineMaterials/Good64x64TilingNoiseHighFreq.uasset" 100
"../../../Engine/Content/EngineMaterials/Good64x64TilingNoiseHighFreq.uexp" 101
"../../../Engine/Content/EngineMaterials/MiniFont.uasset" 102
"../../../Engine/Content/EngineMaterials/MiniFont.uexp" 103
"../../../Engine/Content/EngineMaterials/InvalidLightmapSettings.uasset" 104
"../../../Engine/Content/EngineMaterials/InvalidLightmapSettings.uexp" 105
"../../../Engine/Content/EngineMaterials/InvalidLightmapSettings.ubulk" 106
"../../../Engine/Content/EngineMaterials/M_InvalidLightmapSettings.uasset" 107
"../../../Engine/Content/EngineMaterials/M_InvalidLightmapSettings.uexp" 108
"../../../Engine/Content/Functions/Engine_MaterialFunctions02/WorldPositionOffset/CameraOffset.uasset" 109
"../../../Engine/Content/Functions/Engine_MaterialFunctions02/WorldPositionOffset/CameraOffset.uexp" 110
"../../../Engine/Content/EngineMaterials/PhAT_JointLimitMaterial.uasset" 111
"../../../Engine/Content/EngineMaterials/PhAT_JointLimitMaterial.uexp" 112
"../../../Engine/Content/EngineMaterials/DefaultCalibrationColor.uasset" 113
"../../../Engine/Content/EngineMaterials/DefaultCalibrationColor.uexp" 114
"../../../Engine/Content/EngineMaterials/PPM_DefaultCalibrationColor.uasset" 115
"../../../Engine/Content/EngineMaterials/PPM_DefaultCalibrationColor.uexp" 116
"../../../Engine/Content/EngineMaterials/DefaultCalibrationGrayscale.uasset" 117
"../../../Engine/Content/EngineMaterials/DefaultCalibrationGrayscale.uexp" 118
"../../../Engine/Content/EngineMaterials/PPM_DefaultCalibrationGrayscale.uasset" 119
"../../../Engine/Content/EngineMaterials/PPM_DefaultCalibrationGrayscale.uexp" 120
"../../../Engine/Content/EngineMaterials/PreintegratedSkinBRDF.uasset" 121
"../../../Engine/Content/EngineMaterials/PreintegratedSkinBRDF.uexp" 122
"../../../Engine/Content/EngineMaterials/RemoveSurfaceMaterial.uasset" 123
"../../../Engine/Content/EngineMaterials/RemoveSurfaceMaterial.uexp" 124
"../../../Engine/Content/EngineMaterials/WeightMapPlaceholderTexture.uasset" 125
"../../../Engine/Content/EngineMaterials/WeightMapPlaceholderTexture.uexp" 126
"../../../Engine/Content/EngineResources/WhiteSquareTexture.uasset" 127
"../../../Engine/Content/EngineResources/WhiteSquareTexture.uexp" 128
"../../../Engine/Content/EngineMaterials/Widget3DPassThrough.uasset" 129
"../../../Engine/Content/EngineMaterials/Widget3DPassThrough.uexp" 130
"../../../Engine/Content/EngineMaterials/Widget3DPassThrough_Masked.uasset" 131
"../../../Engine/Content/EngineMaterials/Widget3DPassThrough_Masked.uexp" 132
"../../../Engine/Content/EngineMaterials/Widget3DPassThrough_Opaque.uasset" 133
"../../../Engine/Content/EngineMaterials/Widget3DPassThrough_Opaque.uexp" 134
"../../../Engine/Content/EngineMaterials/Widget3DPassThrough_Masked_OneSided.uasset" 135
"../../../Engine/Content/EngineMaterials/Widget3DPassThrough_Masked_OneSided.uexp" 136
"../../../Engine/Content/EngineMaterials/Widget3DPassThrough_Opaque_OneSided.uasset" 137
"../../../Engine/Content/EngineMaterials/Widget3DPassThrough_Opaque_OneSided.uexp" 138
"../../../Engine/Content/EngineMaterials/Widget3DPassThrough_Translucent.uasset" 139
"../../../Engine/Content/EngineMaterials/Widget3DPassThrough_Translucent.uexp" 140
"../../../Engine/Content/EngineMaterials/Widget3DPassThrough_Translucent_OneSided.uasset" 141
"../../../Engine/Content/EngineMaterials/Widget3DPassThrough_Translucent_OneSided.uexp" 142
"../../../Engine/Content/EngineMeshes/Sphere.uasset" 143
"../../../Engine/Content/EngineMeshes/Sphere.uexp" 144
"../../../Engine/Content/EngineResources/Black.uasset" 145
"../../../Engine/Content/EngineResources/Black.uexp" 146
"../../../Engine/Content/EngineResources/DefaultTexture.uasset" 147
"../../../Engine/Content/EngineResources/DefaultTexture.uexp" 148
"../../../Engine/Content/EngineResources/DefaultTexture.ubulk" 149
"../../../Engine/Content/EngineResources/DefaultTextureCube.uasset" 150
"../../../Engine/Content/EngineResources/DefaultTextureCube.uexp" 151
"../../../Engine/Content/EngineResources/DefaultVolumeTexture2D.uasset" 152
"../../../Engine/Content/EngineResources/DefaultVolumeTexture2D.uexp" 153
"../../../Engine/Content/EngineResources/DefaultVolumeTexture.uasset" 154
"../../../Engine/Content/EngineResources/DefaultVolumeTexture.uexp" 155
"../../../Engine/Content/EngineResources/GradientTexture0.uasset" 156
"../../../Engine/Content/EngineResources/GradientTexture0.uexp" 157
"../../../Engine/Content/EngineSky/VolumetricClouds/CloudGradientTexture.uasset" 158
"../../../Engine/Content/EngineSky/VolumetricClouds/CloudGradientTexture.uexp" 159
"../../../Engine/Content/EngineSky/VolumetricClouds/T_NoiseShape64.uasset" 160
"../../../Engine/Content/EngineSky/VolumetricClouds/T_NoiseShape64.uexp" 161
"../../../Engine/Content/EngineSky/VolumetricClouds/T_NoiseShape64.ubulk" 162
"../../../Engine/Content/EngineSky/VolumetricClouds/T_VolumeNoiseShape64.uasset" 163
"../../../Engine/Content/EngineSky/VolumetricClouds/T_VolumeNoiseShape64.uexp" 164
"../../../Engine/Content/EngineSky/VolumetricClouds/T_NoiseErosion.uasset" 165
"../../../Engine/Content/EngineSky/VolumetricClouds/T_NoiseErosion.uexp" 166
"../../../Engine/Content/EngineSky/VolumetricClouds/T_NoiseErosion.ubulk" 167
"../../../Engine/Content/EngineSky/VolumetricClouds/T_VolumeNoiseErosion32.uasset" 168
"../../../Engine/Content/EngineSky/VolumetricClouds/T_VolumeNoiseErosion32.uexp" 169
"../../../Engine/Content/EngineSky/VolumetricClouds/CloudWeatherTexture.uasset" 170
"../../../Engine/Content/EngineSky/VolumetricClouds/CloudWeatherTexture.uexp" 171
"../../../Engine/Content/Functions/Engine_MaterialFunctions02/Utility/MakeFloat2.uasset" 172
"../../../Engine/Content/Functions/Engine_MaterialFunctions02/Utility/MakeFloat2.uexp" 173
"../../../Engine/Content/EngineSky/VolumetricClouds/m_SimpleVolumetricCloud.uasset" 174
"../../../Engine/Content/EngineSky/VolumetricClouds/m_SimpleVolumetricCloud.uexp" 175
"../../../Engine/Content/EngineSky/VolumetricClouds/m_SimpleVolumetricCloud_Inst.uasset" 176
"../../../Engine/Content/EngineSky/VolumetricClouds/m_SimpleVolumetricCloud_Inst.uexp" 177
"../../../Engine/Content/EngineSounds/Master.uasset" 178
"../../../Engine/Content/EngineSounds/Master.uexp" 179
"../../../Engine/Content/Functions/Engine_MaterialFunctions01/Shading/ConvertFromDiffSpec.uasset" 180
"../../../Engine/Content/Functions/Engine_MaterialFunctions01/Shading/ConvertFromDiffSpec.uexp" 181
"../../../Engine/Content/Functions/Engine_MaterialFunctions01/Shading/PowerToRoughness.uasset" 182
"../../../Engine/Content/Functions/Engine_MaterialFunctions01/Shading/PowerToRoughness.uexp" 183
"../../../Engine/Content/Maps/Templates/Thumbnails/Default.uasset" 184
"../../../Engine/Content/Maps/Templates/Thumbnails/Default.uexp" 185
"../../../Engine/Content/Maps/Templates/Thumbnails/TimeOfDay.uasset" 186
"../../../Engine/Content/Maps/Templates/Thumbnails/TimeOfDay.uexp" 187
"../../../Engine/Content/Maps/Templates/Thumbnails/VR-Basic.uasset" 188
"../../../Engine/Content/Maps/Templates/Thumbnails/VR-Basic.uexp" 189
"../../../Engine/Content/MobileResources/T_MobileControls_texture.uasset" 190
"../../../Engine/Content/MobileResources/T_MobileControls_texture.uexp" 191
"../../../Engine/Content/MobileResources/T_MobileMenu2.uasset" 192
"../../../Engine/Content/MobileResources/T_MobileMenu2.uexp" 193
"../../../Engine/Content/MobileResources/HUD/AnalogHat.uasset" 194
"../../../Engine/Content/MobileResources/HUD/AnalogHat.uexp" 195
"../../../Engine/Content/MobileResources/HUD/VirtualJoystick_Thumb.uasset" 196
"../../../Engine/Content/MobileResources/HUD/VirtualJoystick_Thumb.uexp" 197
"../../../Engine/Content/MobileResources/HUD/VirtualJoystick_Background.uasset" 198
"../../../Engine/Content/MobileResources/HUD/VirtualJoystick_Background.uexp" 199
"../../../Engine/Content/MobileResources/HUD/DefaultVirtualJoysticks.uasset" 200
"../../../Engine/Content/MobileResources/HUD/DefaultVirtualJoysticks.uexp" 201
"../../../Engine/Content/MobileResources/HUD/LeftVirtualJoystickOnly.uasset" 202
"../../../Engine/Content/MobileResources/HUD/LeftVirtualJoystickOnly.uexp" 203
"../../../Engine/Content/MobileResources/HUD/MobileHUDButton1_off.uasset" 204
"../../../Engine/Content/MobileResources/HUD/MobileHUDButton1_off.uexp" 205
"../../../Engine/Content/MobileResources/HUD/MobileHUDButton1_on.uasset" 206
"../../../Engine/Content/MobileResources/HUD/MobileHUDButton1_on.uexp" 207
"../../../Engine/Content/MobileResources/HUD/MobileHUDButton2_off.uasset" 208
"../../../Engine/Content/MobileResources/HUD/MobileHUDButton2_off.uexp" 209
"../../../Engine/Content/MobileResources/HUD/MobileHUDButton2_on.uasset" 210
"../../../Engine/Content/MobileResources/HUD/MobileHUDButton2_on.uexp" 211
"../../../Engine/Content/MobileResources/HUD/MobileHUDButton3.uasset" 212
"../../../Engine/Content/MobileResources/HUD/MobileHUDButton3.uexp" 213
"../../../Engine/Content/MobileResources/HUD/MobileHUDButtonFire.uasset" 214
"../../../Engine/Content/MobileResources/HUD/MobileHUDButtonFire.uexp" 215
"../../../Engine/Content/MobileResources/HUD/MobileHUDDirectionPad.uasset" 216
"../../../Engine/Content/MobileResources/HUD/MobileHUDDirectionPad.uexp" 217
"../../../Engine/Content/MobileResources/HUD/MobileHUDDirectionPad2.uasset" 218
"../../../Engine/Content/MobileResources/HUD/MobileHUDDirectionPad2.uexp" 219
"../../../Engine/Content/MobileResources/HUD/MobileHUDDirectionPad3.uasset" 220
"../../../Engine/Content/MobileResources/HUD/MobileHUDDirectionPad3.uexp" 221
"../../../Engine/Content/MobileResources/HUD/MobileHUDDirectionStick.uasset" 222
"../../../Engine/Content/MobileResources/HUD/MobileHUDDirectionStick.uexp" 223
"../../../Engine/Content/MobileResources/HUD/T_Castle_ThumbstickInner.uasset" 224
"../../../Engine/Content/MobileResources/HUD/T_Castle_ThumbstickInner.uexp" 225
"../../../Engine/Content/MobileResources/HUD/T_Castle_ThumbstickOutter.uasset" 226
"../../../Engine/Content/MobileResources/HUD/T_Castle_ThumbstickOutter.uexp" 227
"../../../Engine/Content/Tutorial/ContentIntroCurve.uasset" 228
"../../../Engine/Content/Tutorial/ContentIntroCurve.uexp" 229
"../../../Engine/Content/Tutorial/BlueprintTutorials/TutorialAssets/Blueprint_64x.uasset" 230
"../../../Engine/Content/Tutorial/BlueprintTutorials/TutorialAssets/Blueprint_64x.uexp" 231
"C:/Users/kingo/Documents/GitHub/LoneCity/LoneCity/Content/UI/W_MouseBlocker.uasset" 232
"C:/Users/kingo/Documents/GitHub/LoneCity/LoneCity/Content/UI/W_MouseBlocker.uexp" 233
"C:/Users/kingo/Documents/GitHub/LoneCity/LoneCity/Content/SFX/Master.uasset" 234
"C:/Users/kingo/Documents/GitHub/LoneCity/LoneCity/Content/SFX/Master.uexp" 235
"C:/Users/kingo/Documents/GitHub/LoneCity/LoneCity/Content/SFX/OST/OST.uasset" 236
"C:/Users/kingo/Documents/GitHub/LoneCity/LoneCity/Content/SFX/OST/OST.uexp" 237
"../../../Engine/Content/EngineSky/T_Sky_Stars.uasset" 238
"../../../Engine/Content/EngineSky/T_Sky_Stars.uexp" 239
"../../../Engine/Content/EngineSky/T_Sky_Stars.ubulk" 240
"../../../Engine/Content/EngineSky/T_Sky_Clouds_M.uasset" 241
"../../../Engine/Content/EngineSky/T_Sky_Clouds_M.uexp" 242
"../../../Engine/Content/EngineSky/T_Sky_Clouds_M.ubulk" 243
"../../../Engine/Content/EngineSky/T_Sky_Blue.uasset" 244
"../../../Engine/Content/EngineSky/T_Sky_Blue.uexp" 245
"../../../Engine/Content/EngineSky/T_Sky_Blue.ubulk" 246
"../../../Engine/Content/EngineSky/M_Sky_Panning_Clouds2.uasset" 247
"../../../Engine/Content/EngineSky/M_Sky_Panning_Clouds2.uexp" 248
"C:/Users/kingo/Documents/GitHub/LoneCity/LoneCity/Content/Maps/LoneCityMap_BuiltData.uasset" 249
"C:/Users/kingo/Documents/GitHub/LoneCity/LoneCity/Content/Maps/LoneCityMap_BuiltData.uexp" 250
"C:/Users/kingo/Documents/GitHub/LoneCity/LoneCity/Content/Cinematics/M_NightCycle.uasset" 251
"C:/Users/kingo/Documents/GitHub/LoneCity/LoneCity/Content/Cinematics/M_NightCycle.uexp" 252
"C:/Users/kingo/Documents/GitHub/LoneCity/LoneCity/Content/SFX/SFX/HoverOverIsland.uasset" 253
"C:/Users/kingo/Documents/GitHub/LoneCity/LoneCity/Content/SFX/SFX/HoverOverIsland.uexp" 254
"C:/Users/kingo/Documents/GitHub/LoneCity/LoneCity/Content/SFX/SFX/Explosion.uasset" 255
"C:/Users/kingo/Documents/GitHub/LoneCity/LoneCity/Content/SFX/SFX/Explosion.uexp" 256
"C:/Users/kingo/Documents/GitHub/LoneCity/LoneCity/Content/ParticleSystem/Fire/Particle_Circle.uasset" 257
"C:/Users/kingo/Documents/GitHub/LoneCity/LoneCity/Content/ParticleSystem/Fire/Particle_Circle.uexp" 258
"C:/Users/kingo/Documents/GitHub/LoneCity/LoneCity/Content/ParticleSystem/Fire/P_Circle.uasset" 259
"C:/Users/kingo/Documents/GitHub/LoneCity/LoneCity/Content/ParticleSystem/Fire/P_Circle.uexp" 260
"C:/Users/kingo/Documents/GitHub/LoneCity/LoneCity/Content/ParticleSystem/Fire/PS_Fuego.uasset" 261
"C:/Users/kingo/Documents/GitHub/LoneCity/LoneCity/Content/ParticleSystem/Fire/PS_Fuego.uexp" 262
"C:/Users/kingo/Documents/GitHub/LoneCity/LoneCity/Content/Blueprints/Road/SM_RoadLongStrip.uasset" 263
"C:/Users/kingo/Documents/GitHub/LoneCity/LoneCity/Content/Blueprints/Road/SM_RoadLongStrip.uexp" 264
"C:/Users/kingo/Documents/GitHub/LoneCity/LoneCity/Content/Blueprints/Road/SM_RoadIntersection.uasset" 265
"C:/Users/kingo/Documents/GitHub/LoneCity/LoneCity/Content/Blueprints/Road/SM_RoadIntersection.uexp" 266
"C:/Users/kingo/Documents/GitHub/LoneCity/LoneCity/Content/Blueprints/LoneCityMap/S_BuildingStats.uasset" 267
"C:/Users/kingo/Documents/GitHub/LoneCity/LoneCity/Content/Blueprints/LoneCityMap/S_BuildingStats.uexp" 268
"C:/Users/kingo/Documents/GitHub/LoneCity/LoneCity/Content/Blueprints/LoneCityMap/Meshes/SM_SatanicSTructure.uasset" 269
"C:/Users/kingo/Documents/GitHub/LoneCity/LoneCity/Content/Blueprints/LoneCityMap/Meshes/SM_SatanicSTructure.uexp" 270
"C:/Users/kingo/Documents/GitHub/LoneCity/LoneCity/Content/Blueprints/LoneCityMap/Meshes/M_Tile.uasset" 271
"C:/Users/kingo/Documents/GitHub/LoneCity/LoneCity/Content/Blueprints/LoneCityMap/Meshes/M_Tile.uexp" 272
"C:/Users/kingo/Documents/GitHub/LoneCity/LoneCity/Content/UI/Textures/Blueprints/Buildings/T_WireFrameLevel2SolarFarm.uasset" 273
"C:/Users/kingo/Documents/GitHub/LoneCity/LoneCity/Content/UI/Textures/Blueprints/Buildings/T_WireFrameLevel2SolarFarm.uexp" 274
"C:/Users/kingo/Documents/GitHub/LoneCity/LoneCity/Content/UI/Textures/Blueprints/Buildings/T_WireFrameLevel2Residence.uasset" 275
"C:/Users/kingo/Documents/GitHub/LoneCity/LoneCity/Content/UI/Textures/Blueprints/Buildings/T_WireFrameLevel2Residence.uexp" 276
"C:/Users/kingo/Documents/GitHub/LoneCity/LoneCity/Content/UI/Textures/Blueprints/Buildings/T_WireFrameLevel2Factory.uasset" 277
"C:/Users/kingo/Documents/GitHub/LoneCity/LoneCity/Content/UI/Textures/Blueprints/Buildings/T_WireFrameLevel2Factory.uexp" 278
"C:/Users/kingo/Documents/GitHub/LoneCity/LoneCity/Content/UI/Textures/Buttons/T_UpgradeButton.uasset" 279
"C:/Users/kingo/Documents/GitHub/LoneCity/LoneCity/Content/UI/Textures/Buttons/T_UpgradeButton.uexp" 280
"C:/Users/kingo/Documents/GitHub/LoneCity/LoneCity/Content/UI/Textures/Icons/T_PollutionIcon.uasset" 281
"C:/Users/kingo/Documents/GitHub/LoneCity/LoneCity/Content/UI/Textures/Icons/T_PollutionIcon.uexp" 282
"C:/Users/kingo/Documents/GitHub/LoneCity/LoneCity/Content/UI/Textures/Icons/T_MoneyIcon.uasset" 283
"C:/Users/kingo/Documents/GitHub/LoneCity/LoneCity/Content/UI/Textures/Icons/T_MoneyIcon.uexp" 284
"C:/Users/kingo/Documents/GitHub/LoneCity/LoneCity/Content/UI/Textures/Icons/T_MoneyIcon.ubulk" 285
"C:/Users/kingo/Documents/GitHub/LoneCity/LoneCity/Content/UI/Textures/Icons/T_HouseIcon.uasset" 286
"C:/Users/kingo/Documents/GitHub/LoneCity/LoneCity/Content/UI/Textures/Icons/T_HouseIcon.uexp" 287
"C:/Users/kingo/Documents/GitHub/LoneCity/LoneCity/Content/UI/Textures/Blueprints/T_BlueprintScroll.uasset" 288
"C:/Users/kingo/Documents/GitHub/LoneCity/LoneCity/Content/UI/Textures/Blueprints/T_BlueprintScroll.uexp" 289
"C:/Users/kingo/Documents/GitHub/LoneCity/LoneCity/Content/UI/Textures/Blueprints/T_BlueprintBottom.uasset" 290
"C:/Users/kingo/Documents/GitHub/LoneCity/LoneCity/Content/UI/Textures/Blueprints/T_BlueprintBottom.uexp" 291
"C:/Users/kingo/Documents/GitHub/LoneCity/LoneCity/Content/UI/Textures/Blueprints/Buildings/T_WireFrameLevel1Residence.uasset" 292
"C:/Users/kingo/Documents/GitHub/LoneCity/LoneCity/Content/UI/Textures/Blueprints/Buildings/T_WireFrameLevel1Residence.uexp" 293
"C:/Users/kingo/Documents/GitHub/LoneCity/LoneCity/Content/SFX/SFX/Error.uasset" 294
"C:/Users/kingo/Documents/GitHub/LoneCity/LoneCity/Content/SFX/SFX/Error.uexp" 295
"C:/Users/kingo/Documents/GitHub/LoneCity/LoneCity/Content/SFX/SFX/Build.uasset" 296
"C:/Users/kingo/Documents/GitHub/LoneCity/LoneCity/Content/SFX/SFX/Build.uexp" 297
"C:/Users/kingo/Documents/GitHub/LoneCity/LoneCity/Content/Blueprints/LoneCityMap/Meshes/Buildings/SharedMats/M_SolerPanel.uasset" 298
"C:/Users/kingo/Documents/GitHub/LoneCity/LoneCity/Content/Blueprints/LoneCityMap/Meshes/Buildings/SharedMats/M_SolerPanel.uexp" 299
"C:/Users/kingo/Documents/GitHub/LoneCity/LoneCity/Content/Blueprints/LoneCityMap/Meshes/Buildings/SharedMats/M_Building.uasset" 300
"C:/Users/kingo/Documents/GitHub/LoneCity/LoneCity/Content/Blueprints/LoneCityMap/Meshes/Buildings/SharedMats/M_Building.uexp" 301
"C:/Users/kingo/Documents/GitHub/LoneCity/LoneCity/Content/Blueprints/LoneCityMap/Meshes/Buildings/SmallSolar/SM_SolarFarmSmall.uasset" 302
"C:/Users/kingo/Documents/GitHub/LoneCity/LoneCity/Content/Blueprints/LoneCityMap/Meshes/Buildings/SmallSolar/SM_SolarFarmSmall.uexp" 303
"C:/Users/kingo/Documents/GitHub/LoneCity/LoneCity/Content/Blueprints/LoneCityMap/Meshes/Buildings/SmallSolar/SM_SolarFarmSmall_DM.uasset" 304
"C:/Users/kingo/Documents/GitHub/LoneCity/LoneCity/Content/Blueprints/LoneCityMap/Meshes/Buildings/SmallSolar/SM_SolarFarmSmall_DM.uexp" 305
"C:/Users/kingo/Documents/GitHub/LoneCity/LoneCity/Content/Blueprints/LoneCityMap/Meshes/Buildings/SharedMats/M_FactoryRoof.uasset" 306
"C:/Users/kingo/Documents/GitHub/LoneCity/LoneCity/Content/Blueprints/LoneCityMap/Meshes/Buildings/SharedMats/M_FactoryRoof.uexp" 307
"C:/Users/kingo/Documents/GitHub/LoneCity/LoneCity/Content/Blueprints/LoneCityMap/Meshes/Buildings/SharedMats/M_Glass.uasset" 308
"C:/Users/kingo/Documents/GitHub/LoneCity/LoneCity/Content/Blueprints/LoneCityMap/Meshes/Buildings/SharedMats/M_Glass.uexp" 309
"C:/Users/kingo/Documents/GitHub/LoneCity/LoneCity/Content/Blueprints/LoneCityMap/Meshes/Buildings/BigFactory/SM_BigFactory.uasset" 310
"C:/Users/kingo/Documents/GitHub/LoneCity/LoneCity/Content/Blueprints/LoneCityMap/Meshes/Buildings/BigFactory/SM_BigFactory.uexp" 311
"C:/Users/kingo/Documents/GitHub/LoneCity/LoneCity/Content/Blueprints/LoneCityMap/Meshes/Buildings/BigFactory/SM_BigFactory_DM.uasset" 312
"C:/Users/kingo/Documents/GitHub/LoneCity/LoneCity/Content/Blueprints/LoneCityMap/Meshes/Buildings/BigFactory/SM_BigFactory_DM.uexp" 313
"C:/Users/kingo/Documents/GitHub/LoneCity/LoneCity/Content/Blueprints/LoneCityMap/Meshes/Buildings/BigCondo/SM_Skyscraper.uasset" 314
"C:/Users/kingo/Documents/GitHub/LoneCity/LoneCity/Content/Blueprints/LoneCityMap/Meshes/Buildings/BigCondo/SM_Skyscraper.uexp" 315
"C:/Users/kingo/Documents/GitHub/LoneCity/LoneCity/Content/Blueprints/LoneCityMap/Meshes/Buildings/BigCondo/SM_Skyscraper_DM.uasset" 316
"C:/Users/kingo/Documents/GitHub/LoneCity/LoneCity/Content/Blueprints/LoneCityMap/Meshes/Buildings/BigCondo/SM_Skyscraper_DM.uexp" 317
"C:/Users/kingo/Documents/GitHub/LoneCity/LoneCity/Content/SFX/SFX/ClickButton.uasset" 318
"C:/Users/kingo/Documents/GitHub/LoneCity/LoneCity/Content/SFX/SFX/ClickButton.uexp" 319
"C:/Users/kingo/Documents/GitHub/LoneCity/LoneCity/Content/UI/Textures/Icons/T_MarkOnSink.uasset" 320
"C:/Users/kingo/Documents/GitHub/LoneCity/LoneCity/Content/UI/Textures/Icons/T_MarkOnSink.uexp" 321
"C:/Users/kingo/Documents/GitHub/LoneCity/LoneCity/Content/UI/Textures/Icons/T_CalendarIcon.uasset" 322
"C:/Users/kingo/Documents/GitHub/LoneCity/LoneCity/Content/UI/Textures/Icons/T_CalendarIcon.uexp" 323
"C:/Users/kingo/Documents/GitHub/LoneCity/LoneCity/Content/UI/Textures/Buttons/T_DesignButton.uasset" 324
"C:/Users/kingo/Documents/GitHub/LoneCity/LoneCity/Content/UI/Textures/Buttons/T_DesignButton.uexp" 325
"C:/Users/kingo/Documents/GitHub/LoneCity/LoneCity/Content/UI/Textures/Buttons/T_ButtonBaseShort.uasset" 326
"C:/Users/kingo/Documents/GitHub/LoneCity/LoneCity/Content/UI/Textures/Buttons/T_ButtonBaseShort.uexp" 327
"C:/Users/kingo/Documents/GitHub/LoneCity/LoneCity/Content/UI/Textures/Icons/T_PopulationIcon.uasset" 328
"C:/Users/kingo/Documents/GitHub/LoneCity/LoneCity/Content/UI/Textures/Icons/T_PopulationIcon.uexp" 329
"C:/Users/kingo/Documents/GitHub/LoneCity/LoneCity/Content/UI/Textures/Icons/T_ArrowIcon.uasset" 330
"C:/Users/kingo/Documents/GitHub/LoneCity/LoneCity/Content/UI/Textures/Icons/T_ArrowIcon.uexp" 331
"C:/Users/kingo/Documents/GitHub/LoneCity/LoneCity/Content/UI/W_BetterTooltip.uasset" 332
"C:/Users/kingo/Documents/GitHub/LoneCity/LoneCity/Content/UI/W_BetterTooltip.uexp" 333
"C:/Users/kingo/Documents/GitHub/LoneCity/LoneCity/Content/UI/Textures/Buttons/T_ButtonBase.uasset" 334
"C:/Users/kingo/Documents/GitHub/LoneCity/LoneCity/Content/UI/Textures/Buttons/T_ButtonBase.uexp" 335
"C:/Users/kingo/Documents/GitHub/LoneCity/LoneCity/Content/Blueprints/LoneCityMap/S_Event.uasset" 336
"C:/Users/kingo/Documents/GitHub/LoneCity/LoneCity/Content/Blueprints/LoneCityMap/S_Event.uexp" 337
"C:/Users/kingo/Documents/GitHub/LoneCity/LoneCity/Content/UI/W_RandomEvent.uasset" 338
"C:/Users/kingo/Documents/GitHub/LoneCity/LoneCity/Content/UI/W_RandomEvent.uexp" 339
"C:/Users/kingo/Documents/GitHub/LoneCity/LoneCity/Content/UI/W_EndGame.uasset" 340
"C:/Users/kingo/Documents/GitHub/LoneCity/LoneCity/Content/UI/W_EndGame.uexp" 341
"C:/Users/kingo/Documents/GitHub/LoneCity/LoneCity/Content/UI/W_Alert.uasset" 342
"C:/Users/kingo/Documents/GitHub/LoneCity/LoneCity/Content/UI/W_Alert.uexp" 343
"C:/Users/kingo/Documents/GitHub/LoneCity/LoneCity/Content/SFX/Tutorial/Tutorial_LoneCityFinal.uasset" 344
"C:/Users/kingo/Documents/GitHub/LoneCity/LoneCity/Content/SFX/Tutorial/Tutorial_LoneCityFinal.uexp" 345
"C:/Users/kingo/Documents/GitHub/LoneCity/LoneCity/Content/SFX/SFX/Sink.uasset" 346
"C:/Users/kingo/Documents/GitHub/LoneCity/LoneCity/Content/SFX/SFX/Sink.uexp" 347
"C:/Users/kingo/Documents/GitHub/LoneCity/LoneCity/Content/Blueprints/GameStuff/Controller/BP_PlayerController.uasset" 348
"C:/Users/kingo/Documents/GitHub/LoneCity/LoneCity/Content/Blueprints/GameStuff/Controller/BP_PlayerController.uexp" 349
"C:/Users/kingo/Documents/GitHub/LoneCity/LoneCity/Content/Blueprints/LoneCityMap/BP_Map.uasset" 350
"C:/Users/kingo/Documents/GitHub/LoneCity/LoneCity/Content/Blueprints/LoneCityMap/BP_Map.uexp" 351
"C:/Users/kingo/Documents/GitHub/LoneCity/LoneCity/Content/Blueprints/GameStuff/GameInstance/GI_LoneCity.uasset" 352
"C:/Users/kingo/Documents/GitHub/LoneCity/LoneCity/Content/Blueprints/GameStuff/GameInstance/GI_LoneCity.uexp" 353
"C:/Users/kingo/Documents/GitHub/LoneCity/LoneCity/Content/SFX/Tutorial/Tutorial_LoneCityIntro.uasset" 354
"C:/Users/kingo/Documents/GitHub/LoneCity/LoneCity/Content/SFX/Tutorial/Tutorial_LoneCityIntro.uexp" 355
"C:/Users/kingo/Documents/GitHub/LoneCity/LoneCity/Content/UI/W_Tutorial.uasset" 356
"C:/Users/kingo/Documents/GitHub/LoneCity/LoneCity/Content/UI/W_Tutorial.uexp" 357
"C:/Users/kingo/Documents/GitHub/LoneCity/LoneCity/Content/Blueprints/GameStuff/Pawn/BP_Player.uasset" 358
"C:/Users/kingo/Documents/GitHub/LoneCity/LoneCity/Content/Blueprints/GameStuff/Pawn/BP_Player.uexp" 359
"C:/Users/kingo/Documents/GitHub/LoneCity/LoneCity/Content/Blueprints/GameStuff/GameMode/GM_LoneCity.uasset" 360
"C:/Users/kingo/Documents/GitHub/LoneCity/LoneCity/Content/Blueprints/GameStuff/GameMode/GM_LoneCity.uexp" 361
"C:/Users/kingo/Documents/GitHub/LoneCity/LoneCity/Content/Blueprints/Libraries/BP_FuncLib.uasset" 362
"C:/Users/kingo/Documents/GitHub/LoneCity/LoneCity/Content/Blueprints/Libraries/BP_FuncLib.uexp" 363
"C:/Users/kingo/Documents/GitHub/LoneCity/LoneCity/Content/UI/W_InGame.uasset" 364
"C:/Users/kingo/Documents/GitHub/LoneCity/LoneCity/Content/UI/W_InGame.uexp" 365
"C:/Users/kingo/Documents/GitHub/LoneCity/LoneCity/Content/Blueprints/LoneCityMap/Meshes/Buildings/SmallFactory/SM_SmallFactory.uasset" 366
"C:/Users/kingo/Documents/GitHub/LoneCity/LoneCity/Content/Blueprints/LoneCityMap/Meshes/Buildings/SmallFactory/SM_SmallFactory.uexp" 367
"C:/Users/kingo/Documents/GitHub/LoneCity/LoneCity/Content/Blueprints/LoneCityMap/Meshes/Buildings/SmallCondo/SM_Building.uasset" 368
"C:/Users/kingo/Documents/GitHub/LoneCity/LoneCity/Content/Blueprints/LoneCityMap/Meshes/Buildings/SmallCondo/SM_Building.uexp" 369
"C:/Users/kingo/Documents/GitHub/LoneCity/LoneCity/Content/Blueprints/LoneCityMap/Meshes/Buildings/BigSolar/SM_SolarFarmBig.uasset" 370
"C:/Users/kingo/Documents/GitHub/LoneCity/LoneCity/Content/Blueprints/LoneCityMap/Meshes/Buildings/BigSolar/SM_SolarFarmBig.uexp" 371
"C:/Users/kingo/Documents/GitHub/LoneCity/LoneCity/Content/UI/W_Upgrade.uasset" 372
"C:/Users/kingo/Documents/GitHub/LoneCity/LoneCity/Content/UI/W_Upgrade.uexp" 373
"C:/Users/kingo/Documents/GitHub/LoneCity/LoneCity/Content/UI/Textures/Buttons/T_DemolishButton.uasset" 374
"C:/Users/kingo/Documents/GitHub/LoneCity/LoneCity/Content/UI/Textures/Buttons/T_DemolishButton.uexp" 375
"C:/Users/kingo/Documents/GitHub/LoneCity/LoneCity/Content/UI/Textures/Blueprints/T_XIcon.uasset" 376
"C:/Users/kingo/Documents/GitHub/LoneCity/LoneCity/Content/UI/Textures/Blueprints/T_XIcon.uexp" 377
"C:/Users/kingo/Documents/GitHub/LoneCity/LoneCity/Content/UI/W_Demolish.uasset" 378
"C:/Users/kingo/Documents/GitHub/LoneCity/LoneCity/Content/UI/W_Demolish.uexp" 379
"C:/Users/kingo/Documents/GitHub/LoneCity/LoneCity/Content/UI/Textures/Buttons/T_BuildButton.uasset" 380
"C:/Users/kingo/Documents/GitHub/LoneCity/LoneCity/Content/UI/Textures/Buttons/T_BuildButton.uexp" 381
"C:/Users/kingo/Documents/GitHub/LoneCity/LoneCity/Content/UI/Textures/Blueprints/Buildings/T_WireFrameLevel1SolarFarm.uasset" 382
"C:/Users/kingo/Documents/GitHub/LoneCity/LoneCity/Content/UI/Textures/Blueprints/Buildings/T_WireFrameLevel1SolarFarm.uexp" 383
"C:/Users/kingo/Documents/GitHub/LoneCity/LoneCity/Content/UI/Textures/Blueprints/Buildings/T_WireFrameLevel1Factory.uasset" 384
"C:/Users/kingo/Documents/GitHub/LoneCity/LoneCity/Content/UI/Textures/Blueprints/Buildings/T_WireFrameLevel1Factory.uexp" 385
"C:/Users/kingo/Documents/GitHub/LoneCity/LoneCity/Content/SFX/Tutorial/Tutorial_LoneCityWellDone.uasset" 386
"C:/Users/kingo/Documents/GitHub/LoneCity/LoneCity/Content/SFX/Tutorial/Tutorial_LoneCityWellDone.uexp" 387
"C:/Users/kingo/Documents/GitHub/LoneCity/LoneCity/Content/SFX/Tutorial/Tutorial_LoneCityBuilding.uasset" 388
"C:/Users/kingo/Documents/GitHub/LoneCity/LoneCity/Content/SFX/Tutorial/Tutorial_LoneCityBuilding.uexp" 389
"C:/Users/kingo/Documents/GitHub/LoneCity/LoneCity/Content/Blueprints/LoneCityMap/Meshes/Buildings/SmallFactory/SM_SmallFactory_DM.uasset" 390
"C:/Users/kingo/Documents/GitHub/LoneCity/LoneCity/Content/Blueprints/LoneCityMap/Meshes/Buildings/SmallFactory/SM_SmallFactory_DM.uexp" 391
"C:/Users/kingo/Documents/GitHub/LoneCity/LoneCity/Content/Blueprints/LoneCityMap/Meshes/Buildings/SmallCondo/SM_Building_DM.uasset" 392
"C:/Users/kingo/Documents/GitHub/LoneCity/LoneCity/Content/Blueprints/LoneCityMap/Meshes/Buildings/SmallCondo/SM_Building_DM.uexp" 393
"C:/Users/kingo/Documents/GitHub/LoneCity/LoneCity/Content/UI/W_Build.uasset" 394
"C:/Users/kingo/Documents/GitHub/LoneCity/LoneCity/Content/UI/W_Build.uexp" 395
"C:/Users/kingo/Documents/GitHub/LoneCity/LoneCity/Content/UI/W_TileActions.uasset" 396
"C:/Users/kingo/Documents/GitHub/LoneCity/LoneCity/Content/UI/W_TileActions.uexp" 397
"C:/Users/kingo/Documents/GitHub/LoneCity/LoneCity/Content/Blueprints/LoneCityMap/Meshes/M_SelectedTile.uasset" 398
"C:/Users/kingo/Documents/GitHub/LoneCity/LoneCity/Content/Blueprints/LoneCityMap/Meshes/M_SelectedTile.uexp" 399
"C:/Users/kingo/Documents/GitHub/LoneCity/LoneCity/Content/Blueprints/LoneCityMap/Meshes/SM_Tile.uasset" 400
"C:/Users/kingo/Documents/GitHub/LoneCity/LoneCity/Content/Blueprints/LoneCityMap/Meshes/SM_Tile.uexp" 401
"C:/Users/kingo/Documents/GitHub/LoneCity/LoneCity/Content/Blueprints/LoneCityMap/BP_Tile.uasset" 402
"C:/Users/kingo/Documents/GitHub/LoneCity/LoneCity/Content/Blueprints/LoneCityMap/BP_Tile.uexp" 403
"C:/Users/kingo/Documents/GitHub/LoneCity/LoneCity/Content/Blueprints/LoneCityMap/Materials/Water/T_NoiseTexture.uasset" 404
"C:/Users/kingo/Documents/GitHub/LoneCity/LoneCity/Content/Blueprints/LoneCityMap/Materials/Water/T_NoiseTexture.uexp" 405
"C:/Users/kingo/Documents/GitHub/LoneCity/LoneCity/Content/Blueprints/LoneCityMap/Materials/Water/M_Water.uasset" 406
"C:/Users/kingo/Documents/GitHub/LoneCity/LoneCity/Content/Blueprints/LoneCityMap/Materials/Water/M_Water.uexp" 407
"../../../Engine/Content/BasicShapes/Plane.uasset" 408
"../../../Engine/Content/BasicShapes/Plane.uexp" 409
"C:/Users/kingo/Documents/GitHub/LoneCity/LoneCity/Content/Blueprints/LoneCityMap/BP_Ocean.uasset" 410
"C:/Users/kingo/Documents/GitHub/LoneCity/LoneCity/Content/Blueprints/LoneCityMap/BP_Ocean.uexp" 411
"../../../Engine/Content/EngineSky/SM_SkySphere.uasset" 412
"../../../Engine/Content/EngineSky/SM_SkySphere.uexp" 413
"../../../Engine/Content/EngineSky/C_Sky_Zenith_Color.uasset" 414
"../../../Engine/Content/EngineSky/C_Sky_Zenith_Color.uexp" 415
"../../../Engine/Content/EngineSky/C_Sky_Horizon_Color.uasset" 416
"../../../Engine/Content/EngineSky/C_Sky_Horizon_Color.uexp" 417
"../../../Engine/Content/EngineSky/C_Sky_Cloud_Color.uasset" 418
"../../../Engine/Content/EngineSky/C_Sky_Cloud_Color.uexp" 419
"../../../Engine/Content/EngineSky/BP_Sky_Sphere.uasset" 420
"../../../Engine/Content/EngineSky/BP_Sky_Sphere.uexp" 421
"C:/Users/kingo/Documents/GitHub/LoneCity/LoneCity/Content/Maps/LoneCityMap.uexp" 422
"C:/Users/kingo/Documents/GitHub/LoneCity/LoneCity/Content/Maps/LoneCityMap.umap" 423
"C:/Users/kingo/Documents/GitHub/LoneCity/LoneCity/Content/Maps/StartMap_BuiltData.uasset" 424
"C:/Users/kingo/Documents/GitHub/LoneCity/LoneCity/Content/Maps/StartMap_BuiltData.uexp" 425
"C:/Users/kingo/Documents/GitHub/LoneCity/LoneCity/Content/Maps/StartMap_BuiltData.ubulk" 426
"C:/Users/kingo/Documents/GitHub/LoneCity/LoneCity/Content/Blueprints/LoneCityMap/BP_StartTile.uasset" 427
"C:/Users/kingo/Documents/GitHub/LoneCity/LoneCity/Content/Blueprints/LoneCityMap/BP_StartTile.uexp" 428
"C:/Users/kingo/Documents/GitHub/LoneCity/LoneCity/Content/Blueprints/LoneCityMap/BP_QuitTile.uasset" 429
"C:/Users/kingo/Documents/GitHub/LoneCity/LoneCity/Content/Blueprints/LoneCityMap/BP_QuitTile.uexp" 430
"C:/Users/kingo/Documents/GitHub/LoneCity/LoneCity/Content/Blueprints/GameStuff/Pawn/BP_TitleScreen.uasset" 431
"C:/Users/kingo/Documents/GitHub/LoneCity/LoneCity/Content/Blueprints/GameStuff/Pawn/BP_TitleScreen.uexp" 432
"C:/Users/kingo/Documents/GitHub/LoneCity/LoneCity/Content/Blueprints/GameStuff/GameMode/GM_MainMenu.uasset" 433
"C:/Users/kingo/Documents/GitHub/LoneCity/LoneCity/Content/Blueprints/GameStuff/GameMode/GM_MainMenu.uexp" 434
"C:/Users/kingo/Documents/GitHub/LoneCity/LoneCity/Content/Maps/StartMap.uexp" 435
"C:/Users/kingo/Documents/GitHub/LoneCity/LoneCity/Content/Maps/StartMap.umap" 436
"../../../Engine/Content/Maps/Entry_BuiltData.uasset" 437
"../../../Engine/Content/Maps/Entry_BuiltData.uexp" 438
"../../../Engine/Content/Maps/Entry.uexp" 439
"../../../Engine/Content/Maps/Entry.umap" 440
